<?xml version="1.0" encoding="utf-8"?>
<TestRun id="fb7eec0d-03a0-4518-948a-e0c1814e5774" name="achim@OCTAL 2026-05-13 18:59:10" runUser="OCTAL\achim" xmlns="http://microsoft.com/schemas/VisualStudio/TeamTest/2010">
  <Times creation="2026-05-13T18:59:10.8079472+02:00" queuing="2026-05-13T18:59:10.8079474+02:00" start="2026-05-13T18:59:10.1021184+02:00" finish="2026-05-13T19:04:41.1539691+02:00" />
  <TestSettings name="default" id="44695915-0ef7-4328-b5bd-903db31e227c">
    <Deployment runDeploymentRoot="achim_OCTAL_2026-05-13_18_59_10" />
  </TestSettings>
  <Results>
    <UnitTestResult executionId="00ac7747-4cb5-4136-bbc2-d6a714d74e33" testId="fe622516-0a4b-ee57-68c2-96ea3e9de68b" testName="TestNTS_CustomTLSCertificateValidation_Failed" computerName="OCTAL" duration="00:00:04.1622310" startTime="2026-05-13T19:01:15.9815278+02:00" endTime="2026-05-13T19:01:20.1437581+02:00" testType="13cdc9d9-ddb5-4fa4-a97d-d965ccfc6d4b" outcome="Passed" testListId="8c84fa94-04c1-424b-9868-57a2d4851a1d" relativeResultsDirectory="00ac7747-4cb5-4136-bbc2-d6a714d74e33" />
    <UnitTestResult executionId="7f7b8858-ed53-4266-9a34-169fefd822cc" testId="f823bb12-a052-d69e-c605-4a6dac33ee8d" testName="TestNTS_CustomTLSCertificateValidation_Failed" computerName="OCTAL" duration="00:00:03.7094600" startTime="2026-05-13T19:01:59.4949261+02:00" endTime="2026-05-13T19:02:03.2043852+02:00" testType="13cdc9d9-ddb5-4fa4-a97d-d965ccfc6d4b" outcome="Passed" testListId="8c84fa94-04c1-424b-9868-57a2d4851a1d" relativeResultsDirectory="7f7b8858-ed53-4266-9a34-169fefd822cc" />
    <UnitTestResult executionId="c71fc0c1-63ca-46dd-b198-ab6940045b29" testId="8c0781a6-09de-0f36-d9a1-5f0dbdd74aa7" testName="StopwatchRoundTripTime_IsNullWithoutStopwatchTimestamps" computerName="OCTAL" duration="00:00:00.0001600" startTime="2026-05-13T18:59:10.8127884+02:00" endTime="2026-05-13T18:59:10.8129480+02:00" testType="13cdc9d9-ddb5-4fa4-a97d-d965ccfc6d4b" outcome="Passed" testListId="8c84fa94-04c1-424b-9868-57a2d4851a1d" relativeResultsDirectory="c71fc0c1-63ca-46dd-b198-ab6940045b29" />
    <UnitTestResult executionId="f923e4da-d75b-4531-8bb4-225b9e988164" testId="dd29acd6-de22-ad4f-ca19-9398e50c9e1a" testName="TestNTSKE" computerName="OCTAL" duration="00:00:03.4359650" startTime="2026-05-13T19:02:20.4464924+02:00" endTime="2026-05-13T19:02:23.8824563+02:00" testType="13cdc9d9-ddb5-4fa4-a97d-d965ccfc6d4b" outcome="Passed" testListId="8c84fa94-04c1-424b-9868-57a2d4851a1d" relativeResultsDirectory="f923e4da-d75b-4531-8bb4-225b9e988164" />
    <UnitTestResult executionId="563c2fb4-9bb3-4554-bf0d-996e2136a479" testId="fd99eb6a-faeb-da03-343d-6770e7d96440" testName="TestNTS_RequestSignedResponse" computerName="OCTAL" duration="00:00:06.6245649" startTime="2026-05-13T18:59:56.7936802+02:00" endTime="2026-05-13T19:00:03.4182446+02:00" testType="13cdc9d9-ddb5-4fa4-a97d-d965ccfc6d4b" outcome="Passed" testListId="8c84fa94-04c1-424b-9868-57a2d4851a1d" relativeResultsDirectory="563c2fb4-9bb3-4554-bf0d-996e2136a479" />
    <UnitTestResult executionId="a6149644-14d6-445b-94ad-91b16455a551" testId="9c12d2af-2f7b-1c5a-09df-f9b3b9831482" testName="CookiePool_ConsumesSeededCookiesOnlyOnce" computerName="OCTAL" duration="00:00:00.1896780" startTime="2026-05-13T19:04:40.5796502+02:00" endTime="2026-05-13T19:04:40.7693278+02:00" testType="13cdc9d9-ddb5-4fa4-a97d-d965ccfc6d4b" outcome="Passed" testListId="8c84fa94-04c1-424b-9868-57a2d4851a1d" relativeResultsDirectory="a6149644-14d6-445b-94ad-91b16455a551" />
    <UnitTestResult executionId="c4fdd184-f013-448d-a7c6-2a8af0aaa3f9" testId="73e298e7-3ec3-9496-2bde-b4f358bf43d9" testName="Stratum1_ASCII_Allows_ZeroPadding" computerName="OCTAL" duration="00:00:00.0112910" startTime="2026-05-13T18:59:10.8168597+02:00" endTime="2026-05-13T18:59:10.8281501+02:00" testType="13cdc9d9-ddb5-4fa4-a97d-d965ccfc6d4b" outcome="Passed" testListId="8c84fa94-04c1-424b-9868-57a2d4851a1d" relativeResultsDirectory="c4fdd184-f013-448d-a7c6-2a8af0aaa3f9" />
    <UnitTestResult executionId="d124987f-3a9f-4473-9643-168228c019c2" testId="39937997-200f-ad3c-f2ae-818e45100449" testName="TestNTS_RandomBitError" computerName="OCTAL" duration="00:00:12.3191060" startTime="2026-05-13T19:01:20.1437883+02:00" endTime="2026-05-13T19:01:32.4628938+02:00" testType="13cdc9d9-ddb5-4fa4-a97d-d965ccfc6d4b" outcome="Passed" testListId="8c84fa94-04c1-424b-9868-57a2d4851a1d" relativeResultsDirectory="d124987f-3a9f-4473-9643-168228c019c2" />
    <UnitTestResult executionId="5d721fe7-849a-4188-a0b4-71dfc154e266" testId="9dba4253-5931-f817-5a1d-d46f56c97cc2" testName="TestCMAC" computerName="OCTAL" duration="00:00:00.0001689" startTime="2026-05-13T18:59:10.7366185+02:00" endTime="2026-05-13T18:59:10.7367873+02:00" testType="13cdc9d9-ddb5-4fa4-a97d-d965ccfc6d4b" outcome="Passed" testListId="8c84fa94-04c1-424b-9868-57a2d4851a1d" relativeResultsDirectory="5d721fe7-849a-4188-a0b4-71dfc154e266" />
    <UnitTestResult executionId="e0173aec-a3cb-4cd4-b8b2-3d88cb88ee77" testId="4be6d73e-e0a0-14b0-739f-a4f5369f332b" testName="Equals_IncludesMasterKeyId" computerName="OCTAL" duration="00:00:00.0055550" startTime="2026-05-13T19:00:08.2779700+02:00" endTime="2026-05-13T19:00:08.2835250+02:00" testType="13cdc9d9-ddb5-4fa4-a97d-d965ccfc6d4b" outcome="Passed" testListId="8c84fa94-04c1-424b-9868-57a2d4851a1d" relativeResultsDirectory="e0173aec-a3cb-4cd4-b8b2-3d88cb88ee77" />
    <UnitTestResult executionId="04660028-0067-4bb1-8599-69f5e6cd0bbe" testId="ca7fd087-84c9-492a-e1cc-9093eb9f8468" testName="TestNTS" computerName="OCTAL" duration="00:00:04.0320600" startTime="2026-05-13T19:03:06.7668281+02:00" endTime="2026-05-13T19:03:10.7988880+02:00" testType="13cdc9d9-ddb5-4fa4-a97d-d965ccfc6d4b" outcome="Passed" testListId="8c84fa94-04c1-424b-9868-57a2d4851a1d" relativeResultsDirectory="04660028-0067-4bb1-8599-69f5e6cd0bbe" />
    <UnitTestResult executionId="fc079e17-0124-4868-9b11-37dc8ff766db" testId="b668f56b-eb2b-441f-c5d1-db0e9e15936e" testName="TestNTS_RequestSignedResponse" computerName="OCTAL" duration="00:00:04.3469860" startTime="2026-05-13T19:02:16.0994678+02:00" endTime="2026-05-13T19:02:20.4464530+02:00" testType="13cdc9d9-ddb5-4fa4-a97d-d965ccfc6d4b" outcome="Passed" testListId="8c84fa94-04c1-424b-9868-57a2d4851a1d" relativeResultsDirectory="fc079e17-0124-4868-9b11-37dc8ff766db" />
    <UnitTestResult executionId="a61ef6d2-e583-4df5-a7d7-5376cd6800dc" testId="6ca60487-44a9-f35c-5705-0d868527523d" testName="TestAES_CTR_Encryption_TestVector2b" computerName="OCTAL" duration="00:00:00.0003760" startTime="2026-05-13T18:59:10.7214135+02:00" endTime="2026-05-13T18:59:10.7217889+02:00" testType="13cdc9d9-ddb5-4fa4-a97d-d965ccfc6d4b" outcome="Passed" testListId="8c84fa94-04c1-424b-9868-57a2d4851a1d" relativeResultsDirectory="a61ef6d2-e583-4df5-a7d7-5376cd6800dc" />
    <UnitTestResult executionId="bfd6f13f-bdb2-4c83-a8de-4364095940c6" testId="2859b3a6-29eb-cee7-ed4a-efdcef2303ff" testName="TestNTS_CustomTLSCertificateValidation_Failed" computerName="OCTAL" duration="00:00:01.9157460" startTime="2026-05-13T19:04:20.6396394+02:00" endTime="2026-05-13T19:04:22.5553849+02:00" testType="13cdc9d9-ddb5-4fa4-a97d-d965ccfc6d4b" outcome="Passed" testListId="8c84fa94-04c1-424b-9868-57a2d4851a1d" relativeResultsDirectory="bfd6f13f-bdb2-4c83-a8de-4364095940c6" />
    <UnitTestResult executionId="fe231b57-b73e-47d0-b9e8-1c5ddaf91c7a" testId="94103bf3-a76d-5707-6d74-fbac397614a8" testName="TestNTS" computerName="OCTAL" duration="00:00:04.7098020" startTime="2026-05-13T19:04:12.5118393+02:00" endTime="2026-05-13T19:04:17.2216410+02:00" testType="13cdc9d9-ddb5-4fa4-a97d-d965ccfc6d4b" outcome="Passed" testListId="8c84fa94-04c1-424b-9868-57a2d4851a1d" relativeResultsDirectory="fe231b57-b73e-47d0-b9e8-1c5ddaf91c7a" />
    <UnitTestResult executionId="78819c0c-f2f8-4919-9bca-e479a30fe85f" testId="fee74658-6542-9c8c-7a73-dfa076133650" testName="TestNTS_RandomBitError" computerName="OCTAL" duration="00:00:08.1603220" startTime="2026-05-13T19:03:22.0488694+02:00" endTime="2026-05-13T19:03:30.2091908+02:00" testType="13cdc9d9-ddb5-4fa4-a97d-d965ccfc6d4b" outcome="Passed" testListId="8c84fa94-04c1-424b-9868-57a2d4851a1d" relativeResultsDirectory="78819c0c-f2f8-4919-9bca-e479a30fe85f" />
    <UnitTestResult executionId="a1d40149-947e-4055-b20d-5432d5782da5" testId="7cefeefb-754b-d9aa-bc10-01cda67c8694" testName="Empty_NTPv4Server_Negotiation_Is_Treated_As_Unset" computerName="OCTAL" duration="00:00:00.0111780" startTime="2026-05-13T19:00:08.2846574+02:00" endTime="2026-05-13T19:00:08.2958357+02:00" testType="13cdc9d9-ddb5-4fa4-a97d-d965ccfc6d4b" outcome="Failed" testListId="8c84fa94-04c1-424b-9868-57a2d4851a1d" relativeResultsDirectory="a1d40149-947e-4055-b20d-5432d5782da5">
      <Output>
        <ErrorInfo>
          <Message>System.ArgumentException : Invalid text representation of a domain name: '': The given domain name must not be null or empty! (Parameter 'Text')</Message>
          <StackTrace>   at org.GraphDefined.Vanaheimr.Hermod.DNS.DomainName.Parse(String Text) in D:\Coding\OpenChargingCloud\NornDrone\libs\Hermod\Hermod\Hermod\DNS\DomainName.cs:line 218&#xD;
   at org.GraphDefined.Vanaheimr.Norn.NTS.NTSKE_Response.&lt;&gt;c.&lt;.ctor&gt;b__28_1(NTSKE_Record ntsKERecord) in D:\Coding\OpenChargingCloud\NornDrone\libs\Norn\Norn\NTS-KE\NTSKE_Response.cs:line 127&#xD;
   at System.Linq.Enumerable.IEnumerableWhereSelectIterator`2.MoveNext()&#xD;
   at System.Linq.Enumerable.IEnumerableWhereIterator`1.MoveNext()&#xD;
   at System.Linq.Enumerable.Any[TSource](IEnumerable`1 source)&#xD;
   at NUnit.Framework.Constraints.CollectionConstraint.IsEmpty(IEnumerable enumerable)&#xD;
   at NUnit.Framework.Constraints.EmptyCollectionConstraint.Matches(IEnumerable collection)&#xD;
   at NUnit.Framework.Constraints.CollectionConstraint.ApplyTo[TActual](TActual actual)&#xD;
   at NUnit.Framework.Constraints.EmptyConstraint.ApplyTo[TActual](TActual actual)&#xD;
   at NUnit.Framework.Assert.That[TActual](TActual actual, IResolveConstraint expression, NUnitString message, String actualExpression, String constraintExpression)&#xD;
   at org.GraphDefined.Vanaheimr.Norn.Tests.NTS.NTSKEResponse_Tests.Empty_NTPv4Server_Negotiation_Is_Treated_As_Unset() in D:\Coding\OpenChargingCloud\NornDrone\libs\Norn\NornTests\NTS\NTSKEResponse_Tests.cs:line 76&#xD;
   at System.Reflection.MethodBaseInvoker.InterpretedInvoke_Method(Object obj, IntPtr* args)&#xD;
   at System.Reflection.RuntimeMethodInfo.Invoke(Object obj, BindingFlags invokeAttr, Binder binder, Object[] parameters, CultureInfo culture)
1)    at org.GraphDefined.Vanaheimr.Hermod.DNS.DomainName.Parse(String Text) in D:\Coding\OpenChargingCloud\NornDrone\libs\Hermod\Hermod\Hermod\DNS\DomainName.cs:line 218&#xD;
   at org.GraphDefined.Vanaheimr.Norn.NTS.NTSKE_Response.&lt;&gt;c.&lt;.ctor&gt;b__28_1(NTSKE_Record ntsKERecord) in D:\Coding\OpenChargingCloud\NornDrone\libs\Norn\Norn\NTS-KE\NTSKE_Response.cs:line 127&#xD;
   at System.Linq.Enumerable.IEnumerableWhereSelectIterator`2.MoveNext()&#xD;
   at System.Linq.Enumerable.IEnumerableWhereIterator`1.MoveNext()&#xD;
   at System.Linq.Enumerable.Any[TSource](IEnumerable`1 source)&#xD;
   at NUnit.Framework.Constraints.CollectionConstraint.IsEmpty(IEnumerable enumerable)&#xD;
   at NUnit.Framework.Constraints.EmptyCollectionConstraint.Matches(IEnumerable collection)&#xD;
   at NUnit.Framework.Constraints.CollectionConstraint.ApplyTo[TActual](TActual actual)&#xD;
   at NUnit.Framework.Constraints.EmptyConstraint.ApplyTo[TActual](TActual actual)&#xD;
   at NUnit.Framework.Assert.That[TActual](TActual actual, IResolveConstraint expression, NUnitString message, String actualExpression, String constraintExpression)&#xD;
   at org.GraphDefined.Vanaheimr.Norn.Tests.NTS.NTSKEResponse_Tests.Empty_NTPv4Server_Negotiation_Is_Treated_As_Unset() in D:\Coding\OpenChargingCloud\NornDrone\libs\Norn\NornTests\NTS\NTSKEResponse_Tests.cs:line 76&#xD;
   at System.Reflection.MethodBaseInvoker.InterpretedInvoke_Method(Object obj, IntPtr* args)&#xD;
   at System.Reflection.RuntimeMethodInfo.Invoke(Object obj, BindingFlags invokeAttr, Binder binder, Object[] parameters, CultureInfo culture)
</StackTrace>
        </ErrorInfo>
      </Output>
    </UnitTestResult>
    <UnitTestResult executionId="b79cc2bb-120b-4da8-98e1-7225a4a598cd" testId="d8297e5b-36c3-7654-65ee-95c5d75b2481" testName="Zero_NTPv4Port_Negotiation_Is_Treated_As_Unset" computerName="OCTAL" duration="00:00:00.0010750" startTime="2026-05-13T19:00:08.2989809+02:00" endTime="2026-05-13T19:00:08.3000558+02:00" testType="13cdc9d9-ddb5-4fa4-a97d-d965ccfc6d4b" outcome="Passed" testListId="8c84fa94-04c1-424b-9868-57a2d4851a1d" relativeResultsDirectory="b79cc2bb-120b-4da8-98e1-7225a4a598cd" />
    <UnitTestResult executionId="11ac6355-1997-4d5b-b249-f185a58e11a7" testId="95cb0417-ddb5-ca26-238f-62e5fcb57a8c" testName="HostnameMatches_UsesSubjectAlternativeNames" computerName="OCTAL" duration="00:00:00.0548360" startTime="2026-05-13T19:04:40.7742946+02:00" endTime="2026-05-13T19:04:40.8291299+02:00" testType="13cdc9d9-ddb5-4fa4-a97d-d965ccfc6d4b" outcome="Passed" testListId="8c84fa94-04c1-424b-9868-57a2d4851a1d" relativeResultsDirectory="11ac6355-1997-4d5b-b249-f185a58e11a7" />
    <UnitTestResult executionId="85e0b50c-c399-4b90-917a-672c73244f74" testId="eef708b5-b13a-873a-cd3f-ecdc6f8f7db6" testName="Parses_NTPv4Server_And_NTPv4Port_Negotiation" computerName="OCTAL" duration="00:00:00.0031000" startTime="2026-05-13T19:00:08.2958599+02:00" endTime="2026-05-13T19:00:08.2989600+02:00" testType="13cdc9d9-ddb5-4fa4-a97d-d965ccfc6d4b" outcome="Failed" testListId="8c84fa94-04c1-424b-9868-57a2d4851a1d" relativeResultsDirectory="85e0b50c-c399-4b90-917a-672c73244f74">
      <Output>
        <ErrorInfo>
          <Message>  Assert.That(response.NTPv4Servers?.FirstOrDefault(), Is.EqualTo("ntp.example.org"))&#xD;
  Expected: "ntp.example.org"&#xD;
  But was:  &lt;ntp.example.org.&gt;&#xD;
</Message>
          <StackTrace>   at org.GraphDefined.Vanaheimr.Norn.Tests.NTS.NTSKEResponse_Tests.Parses_NTPv4Server_And_NTPv4Port_Negotiation() in D:\Coding\OpenChargingCloud\NornDrone\libs\Norn\NornTests\NTS\NTSKEResponse_Tests.cs:line 55&#xD;

1)    at org.GraphDefined.Vanaheimr.Norn.Tests.NTS.NTSKEResponse_Tests.Parses_NTPv4Server_And_NTPv4Port_Negotiation() in D:\Coding\OpenChargingCloud\NornDrone\libs\Norn\NornTests\NTS\NTSKEResponse_Tests.cs:line 55&#xD;

</StackTrace>
        </ErrorInfo>
      </Output>
    </UnitTestResult>
    <UnitTestResult executionId="a88188ca-f767-4377-a9de-902a547a61ad" testId="00eff98d-9c68-64f9-714b-c50c5007bcba" testName="Integer_Is_NetworkByteOrder" computerName="OCTAL" duration="00:00:00.0012880" startTime="2026-05-13T18:59:10.8155600+02:00" endTime="2026-05-13T18:59:10.8168480+02:00" testType="13cdc9d9-ddb5-4fa4-a97d-d965ccfc6d4b" outcome="Passed" testListId="8c84fa94-04c1-424b-9868-57a2d4851a1d" relativeResultsDirectory="a88188ca-f767-4377-a9de-902a547a61ad" />
    <UnitTestResult executionId="ebcaa4ed-0f0c-41e4-b276-4f842f831f3e" testId="92de2230-eeb0-5de8-dc61-8805dbda3ace" testName="TestNTS_CustomTLSCertificateValidation" computerName="OCTAL" duration="00:00:06.6293720" startTime="2026-05-13T19:01:09.3521216+02:00" endTime="2026-05-13T19:01:15.9814937+02:00" testType="13cdc9d9-ddb5-4fa4-a97d-d965ccfc6d4b" outcome="Passed" testListId="8c84fa94-04c1-424b-9868-57a2d4851a1d" relativeResultsDirectory="ebcaa4ed-0f0c-41e4-b276-4f842f831f3e" />
    <UnitTestResult executionId="ed19d074-c6d8-4fcc-a75c-9a1f77b4c9f8" testId="44aeff81-2dff-6886-9494-1923f9109668" testName="TestNTSKE" computerName="OCTAL" duration="00:00:02.8922150" startTime="2026-05-13T19:04:07.1878894+02:00" endTime="2026-05-13T19:04:10.0801040+02:00" testType="13cdc9d9-ddb5-4fa4-a97d-d965ccfc6d4b" outcome="Passed" testListId="8c84fa94-04c1-424b-9868-57a2d4851a1d" relativeResultsDirectory="ed19d074-c6d8-4fcc-a75c-9a1f77b4c9f8" />
    <UnitTestResult executionId="7c9cd509-69c0-4539-a50f-4b1b2e5751ee" testId="2a0e8b92-2873-2c15-73d3-96130886a230" testName="TestNTS_RequestSignedResponse" computerName="OCTAL" duration="00:00:06.4933790" startTime="2026-05-13T19:04:00.6944867+02:00" endTime="2026-05-13T19:04:07.1878653+02:00" testType="13cdc9d9-ddb5-4fa4-a97d-d965ccfc6d4b" outcome="Passed" testListId="8c84fa94-04c1-424b-9868-57a2d4851a1d" relativeResultsDirectory="7c9cd509-69c0-4539-a50f-4b1b2e5751ee" />
    <UnitTestResult executionId="f5678e73-e47f-42ed-8d9c-87840126db57" testId="44aac496-6fe9-6339-3cd7-8cca64310862" testName="AES128_SIV_EncryptDecrypt_Message_Test" computerName="OCTAL" duration="00:00:00.0091400" startTime="2026-05-13T18:59:10.7242566+02:00" endTime="2026-05-13T18:59:10.7333968+02:00" testType="13cdc9d9-ddb5-4fa4-a97d-d965ccfc6d4b" outcome="Passed" testListId="8c84fa94-04c1-424b-9868-57a2d4851a1d" relativeResultsDirectory="f5678e73-e47f-42ed-8d9c-87840126db57" />
    <UnitTestResult executionId="b1dfc90d-c28f-41a4-bff0-3d9bcf2af082" testId="ae1cdbad-5531-49bd-6883-93a8b088b5ee" testName="TestNTSKE" computerName="OCTAL" duration="00:00:04.8592610" startTime="2026-05-13T19:00:03.4182842+02:00" endTime="2026-05-13T19:00:08.2775439+02:00" testType="13cdc9d9-ddb5-4fa4-a97d-d965ccfc6d4b" outcome="Passed" testListId="8c84fa94-04c1-424b-9868-57a2d4851a1d" relativeResultsDirectory="b1dfc90d-c28f-41a4-bff0-3d9bcf2af082" />
    <UnitTestResult executionId="94908154-70d9-4c4c-9f92-4cc8aea34414" testId="387acde4-a7bc-8867-4c75-073ec5f3f356" testName="TestNTS_RandomBitError" computerName="OCTAL" duration="00:00:09.2645930" startTime="2026-05-13T19:02:44.1696605+02:00" endTime="2026-05-13T19:02:53.4342529+02:00" testType="13cdc9d9-ddb5-4fa4-a97d-d965ccfc6d4b" outcome="Passed" testListId="8c84fa94-04c1-424b-9868-57a2d4851a1d" relativeResultsDirectory="94908154-70d9-4c4c-9f92-4cc8aea34414" />
    <UnitTestResult executionId="7fe1a696-535d-441c-b39f-3ea79c771546" testId="d6a8e10e-daa4-b934-664c-ec05742de776" testName="TestNTS_CustomTLSCertificateValidation" computerName="OCTAL" duration="00:00:04.9775520" startTime="2026-05-13T19:01:54.5173348+02:00" endTime="2026-05-13T19:01:59.4948864+02:00" testType="13cdc9d9-ddb5-4fa4-a97d-d965ccfc6d4b" outcome="Passed" testListId="8c84fa94-04c1-424b-9868-57a2d4851a1d" relativeResultsDirectory="7fe1a696-535d-441c-b39f-3ea79c771546" />
    <UnitTestResult executionId="01c8fd10-36c1-4fc0-8f08-5c68a7e81ef6" testId="b53f37ef-071d-4972-d9b1-23bb3e041a29" testName="TestNTP" computerName="OCTAL" duration="00:00:04.4789500" startTime="2026-05-13T19:00:58.2265893+02:00" endTime="2026-05-13T19:01:02.7055391+02:00" testType="13cdc9d9-ddb5-4fa4-a97d-d965ccfc6d4b" outcome="Failed" testListId="8c84fa94-04c1-424b-9868-57a2d4851a1d" relativeResultsDirectory="01c8fd10-36c1-4fc0-8f08-5c68a7e81ef6">
      <Output>
        <ErrorInfo>
          <Message>  Assert.That(ntpResponse.Stratum, Is.EqualTo(ExpectedStratum))&#xD;
  Expected: 2&#xD;
  But was:  4&#xD;
</Message>
          <StackTrace>   at org.GraphDefined.Vanaheimr.Norn.Tests.NTS.ANTSServer_Tests.TestNTP() in D:\Coding\OpenChargingCloud\NornDrone\libs\Norn\NornTests\ExternalServers\ANTSServer_Tests.cs:line 114&#xD;
   at NUnit.Framework.Internal.TaskAwaitAdapter.GenericAdapter`1.BlockUntilCompleted()&#xD;
   at NUnit.Framework.Internal.MessagePumpStrategy.NoMessagePumpStrategy.WaitForCompletion(AwaitAdapter awaiter)&#xD;
   at NUnit.Framework.Internal.AsyncToSyncAdapter.Await[TResult](TestExecutionContext context, Func`1 invoke)&#xD;
   at NUnit.Framework.Internal.AsyncToSyncAdapter.Await(TestExecutionContext context, Func`1 invoke)&#xD;
   at NUnit.Framework.Internal.Commands.TestMethodCommand.RunTestMethod(TestExecutionContext context)&#xD;
   at NUnit.Framework.Internal.Commands.TestMethodCommand.Execute(TestExecutionContext context)&#xD;
   at NUnit.Framework.Internal.Execution.SimpleWorkItem.&lt;&gt;c__DisplayClass3_0.&lt;PerformWork&gt;b__0()&#xD;
   at NUnit.Framework.Internal.ContextUtils.&lt;&gt;c__DisplayClass1_0`1.&lt;DoIsolated&gt;b__0(Object _)&#xD;
   at NUnit.Framework.Internal.ContextUtils.&lt;&gt;c__DisplayClass2_0.&lt;DoIsolated&gt;b__0(Object s)&#xD;

1)    at org.GraphDefined.Vanaheimr.Norn.Tests.NTS.ANTSServer_Tests.TestNTP() in D:\Coding\OpenChargingCloud\NornDrone\libs\Norn\NornTests\ExternalServers\ANTSServer_Tests.cs:line 114&#xD;

</StackTrace>
        </ErrorInfo>
      </Output>
    </UnitTestResult>
    <UnitTestResult executionId="c282a988-81e5-4ba2-8852-5a698075dc65" testId="bdf89cbe-9822-d44d-0002-908be548d5c5" testName="TestNTP" computerName="OCTAL" duration="00:00:03.1497910" startTime="2026-05-13T19:03:37.2971483+02:00" endTime="2026-05-13T19:03:40.4469390+02:00" testType="13cdc9d9-ddb5-4fa4-a97d-d965ccfc6d4b" outcome="Passed" testListId="8c84fa94-04c1-424b-9868-57a2d4851a1d" relativeResultsDirectory="c282a988-81e5-4ba2-8852-5a698075dc65" />
    <UnitTestResult executionId="75f70b98-f5b7-4250-ae4c-ac58571e8f7e" testId="a28b7a73-0462-4079-d3fb-bc5a95f475cf" testName="TestNTS_CustomTLSCertificateValidation" computerName="OCTAL" duration="00:00:06.9548830" startTime="2026-05-13T19:03:10.7989142+02:00" endTime="2026-05-13T19:03:17.7537970+02:00" testType="13cdc9d9-ddb5-4fa4-a97d-d965ccfc6d4b" outcome="Passed" testListId="8c84fa94-04c1-424b-9868-57a2d4851a1d" relativeResultsDirectory="75f70b98-f5b7-4250-ae4c-ac58571e8f7e" />
    <UnitTestResult executionId="040ac5ba-0d67-41a6-b97d-3481d10ccbe5" testId="87f2afb4-cde8-1232-1b44-5f21e7e94cb3" testName="TestNTS_RequestSignedResponse" computerName="OCTAL" duration="00:00:08.3440520" startTime="2026-05-13T19:02:53.4342823+02:00" endTime="2026-05-13T19:03:01.7783341+02:00" testType="13cdc9d9-ddb5-4fa4-a97d-d965ccfc6d4b" outcome="Passed" testListId="8c84fa94-04c1-424b-9868-57a2d4851a1d" relativeResultsDirectory="040ac5ba-0d67-41a6-b97d-3481d10ccbe5" />
    <UnitTestResult executionId="d49a2618-397f-4e07-b1cf-4a0fa605a737" testId="84be5f61-d4d6-1bf2-831b-05309f185f4c" testName="TestNTS_CustomTLSCertificateValidation_Failed" computerName="OCTAL" duration="00:00:02.1610870" startTime="2026-05-13T19:03:51.9467135+02:00" endTime="2026-05-13T19:03:54.1078004+02:00" testType="13cdc9d9-ddb5-4fa4-a97d-d965ccfc6d4b" outcome="Passed" testListId="8c84fa94-04c1-424b-9868-57a2d4851a1d" relativeResultsDirectory="d49a2618-397f-4e07-b1cf-4a0fa605a737" />
    <UnitTestResult executionId="474c55a6-08b1-456b-bf3f-8871269dda19" testId="c8b1e695-db6d-361f-a895-b670c0e5abfb" testName="TestNTP" computerName="OCTAL" duration="00:00:02.4312700" startTime="2026-05-13T19:04:10.0805478+02:00" endTime="2026-05-13T19:04:12.5118179+02:00" testType="13cdc9d9-ddb5-4fa4-a97d-d965ccfc6d4b" outcome="Passed" testListId="8c84fa94-04c1-424b-9868-57a2d4851a1d" relativeResultsDirectory="474c55a6-08b1-456b-bf3f-8871269dda19" />
    <UnitTestResult executionId="8421981a-5fdf-4f3c-9272-71814bfade63" testId="6acb6433-f7f2-0594-717c-aca046705d17" testName="TestNTS_RandomBitError" computerName="OCTAL" duration="00:00:11.2097510" startTime="2026-05-13T19:00:34.6299314+02:00" endTime="2026-05-13T19:00:45.8396824+02:00" testType="13cdc9d9-ddb5-4fa4-a97d-d965ccfc6d4b" outcome="Passed" testListId="8c84fa94-04c1-424b-9868-57a2d4851a1d" relativeResultsDirectory="8421981a-5fdf-4f3c-9272-71814bfade63" />
    <UnitTestResult executionId="dc8f27c2-6436-4d18-9801-3528fb87f5f6" testId="2517c0c3-105f-ed7b-d2f4-53e9dadf1f07" testName="TestNTS_RequestSignedResponse" computerName="OCTAL" duration="00:00:04.9751740" startTime="2026-05-13T19:01:32.4629352+02:00" endTime="2026-05-13T19:01:37.4381090+02:00" testType="13cdc9d9-ddb5-4fa4-a97d-d965ccfc6d4b" outcome="Passed" testListId="8c84fa94-04c1-424b-9868-57a2d4851a1d" relativeResultsDirectory="dc8f27c2-6436-4d18-9801-3528fb87f5f6" />
    <UnitTestResult executionId="447af5e9-8779-4b61-ba98-f2bfbd5f88f7" testId="39e7fe19-8b21-e468-58e3-b4ec141d8017" testName="TestNTP" computerName="OCTAL" duration="00:00:03.1151720" startTime="2026-05-13T19:02:23.8830779+02:00" endTime="2026-05-13T19:02:26.9982497+02:00" testType="13cdc9d9-ddb5-4fa4-a97d-d965ccfc6d4b" outcome="Passed" testListId="8c84fa94-04c1-424b-9868-57a2d4851a1d" relativeResultsDirectory="447af5e9-8779-4b61-ba98-f2bfbd5f88f7" />
    <UnitTestResult executionId="b41882a8-a7b0-40ee-84d6-0a0c7323a597" testId="de59774d-e102-063f-d7be-05ffa28f725c" testName="TestNTS_CustomTLSCertificateValidation" computerName="OCTAL" duration="00:00:07.8412900" startTime="2026-05-13T19:00:22.1379619+02:00" endTime="2026-05-13T19:00:29.9792520+02:00" testType="13cdc9d9-ddb5-4fa4-a97d-d965ccfc6d4b" outcome="Passed" testListId="8c84fa94-04c1-424b-9868-57a2d4851a1d" relativeResultsDirectory="b41882a8-a7b0-40ee-84d6-0a0c7323a597" />
    <UnitTestResult executionId="e7b95790-2119-4504-852d-e02bf23e560f" testId="6c698f0f-2dff-cc18-6476-cf4f0edb5d9b" testName="TryParse_SetsDestinationTimestamp" computerName="OCTAL" duration="00:00:00.0012610" startTime="2026-05-13T18:59:10.8129596+02:00" endTime="2026-05-13T18:59:10.8142208+02:00" testType="13cdc9d9-ddb5-4fa4-a97d-d965ccfc6d4b" outcome="Passed" testListId="8c84fa94-04c1-424b-9868-57a2d4851a1d" relativeResultsDirectory="e7b95790-2119-4504-852d-e02bf23e560f" />
    <UnitTestResult executionId="dd9e2fa3-f104-48a1-a4e3-594225b746d9" testId="e45b1b2f-b3aa-983e-5144-0600eac9327e" testName="AES128_SIV_Test1" computerName="OCTAL" duration="00:00:00.0014950" startTime="2026-05-13T18:59:10.7334240+02:00" endTime="2026-05-13T18:59:10.7349190+02:00" testType="13cdc9d9-ddb5-4fa4-a97d-d965ccfc6d4b" outcome="Passed" testListId="8c84fa94-04c1-424b-9868-57a2d4851a1d" relativeResultsDirectory="dd9e2fa3-f104-48a1-a4e3-594225b746d9" />
    <UnitTestResult executionId="318d9949-6903-42ca-ab22-a273fc84983c" testId="39da7e40-23b3-80d9-0bd9-155ac1cfd88a" testName="TestServer_SignedResponses1" computerName="OCTAL" duration="00:00:00.2198650" startTime="2026-05-13T19:00:08.3001066+02:00" endTime="2026-05-13T19:00:08.5199710+02:00" testType="13cdc9d9-ddb5-4fa4-a97d-d965ccfc6d4b" outcome="Failed" testListId="8c84fa94-04c1-424b-9868-57a2d4851a1d" relativeResultsDirectory="318d9949-6903-42ca-ab22-a273fc84983c">
      <Output>
        <ErrorInfo>
          <Message>OneTimeSetUp: SetUp : System.Net.Sockets.SocketException : Normalerweise darf jede Socketadresse (Protokoll, Netzwerkadresse oder Anschluss) nur jeweils einmal verwendet werden.</Message>
          <StackTrace>--SetUp&#xD;
   at System.Net.Sockets.Socket.UpdateStatusAfterSocketErrorAndThrowException(SocketError error, Boolean disconnectOnFailure, String callerName)&#xD;
   at System.Net.Sockets.Socket.DoBind(EndPoint endPointSnapshot, SocketAddress socketAddress)&#xD;
   at System.Net.Sockets.Socket.Bind(EndPoint localEP)&#xD;
   at org.GraphDefined.Vanaheimr.Norn.NTS.NTSServer.Start(CancellationToken CancellationToken) in D:\Coding\OpenChargingCloud\NornDrone\libs\Norn\Norn\NTSServer\NTSServer.cs:line 333&#xD;
   at org.GraphDefined.Vanaheimr.Norn.Tests.NTS.NTSServer_Tests.StartNTSServer() in D:\Coding\OpenChargingCloud\NornDrone\libs\Norn\NornTests\NTS\NTSServer_Tests.cs:line 79&#xD;
   at NUnit.Framework.Internal.TaskAwaitAdapter.GenericAdapter`1.GetResult()&#xD;
   at NUnit.Framework.Internal.AsyncToSyncAdapter.Await[TResult](TestExecutionContext context, Func`1 invoke)&#xD;
   at NUnit.Framework.Internal.AsyncToSyncAdapter.Await(TestExecutionContext context, Func`1 invoke)&#xD;
   at NUnit.Framework.Internal.Commands.SetUpTearDownItem.RunSetUpOrTearDownMethod(TestExecutionContext context, IMethodInfo method)&#xD;
   at NUnit.Framework.Internal.Commands.SetUpTearDownItem.RunSetUp(TestExecutionContext context)
</StackTrace>
        </ErrorInfo>
      </Output>
    </UnitTestResult>
    <UnitTestResult executionId="6e34f43d-523f-4548-8e51-09b6d8b3edd5" testId="367653fc-beb5-e461-cd49-1736e835f646" testName="TestNTS_CustomTLSCertificateValidation_Failed" computerName="OCTAL" duration="00:00:04.2950180" startTime="2026-05-13T19:03:17.7538243+02:00" endTime="2026-05-13T19:03:22.0488415+02:00" testType="13cdc9d9-ddb5-4fa4-a97d-d965ccfc6d4b" outcome="Passed" testListId="8c84fa94-04c1-424b-9868-57a2d4851a1d" relativeResultsDirectory="6e34f43d-523f-4548-8e51-09b6d8b3edd5" />
    <UnitTestResult executionId="8f4910b0-e72a-4f32-a3f0-859cfafe00e8" testId="084642a6-4b9a-96b9-4626-474069fb24b4" testName="ToByteArray_UsesStoredNonce" computerName="OCTAL" duration="00:00:00.0006750" startTime="2026-05-13T19:00:08.2835562+02:00" endTime="2026-05-13T19:00:08.2842308+02:00" testType="13cdc9d9-ddb5-4fa4-a97d-d965ccfc6d4b" outcome="Passed" testListId="8c84fa94-04c1-424b-9868-57a2d4851a1d" relativeResultsDirectory="8f4910b0-e72a-4f32-a3f0-859cfafe00e8" />
    <UnitTestResult executionId="c3264f82-4a51-4c25-bf6c-31ddab872026" testId="c8e08855-be33-bfee-ad18-8ff34c7598b8" testName="TryParse_SetsStopwatchTimestamps" computerName="OCTAL" duration="00:00:00.0011840" startTime="2026-05-13T18:59:10.8142360+02:00" endTime="2026-05-13T18:59:10.8154201+02:00" testType="13cdc9d9-ddb5-4fa4-a97d-d965ccfc6d4b" outcome="Passed" testListId="8c84fa94-04c1-424b-9868-57a2d4851a1d" relativeResultsDirectory="c3264f82-4a51-4c25-bf6c-31ddab872026" />
    <UnitTestResult executionId="dac9f6a1-ab46-42a9-9b77-222086ecf9ab" testId="b6e12596-8c70-9171-ccde-8c4319eb9f56" testName="TestNTS" computerName="OCTAL" duration="00:00:08.0143530" startTime="2026-05-13T19:02:26.9983072+02:00" endTime="2026-05-13T19:02:35.0126601+02:00" testType="13cdc9d9-ddb5-4fa4-a97d-d965ccfc6d4b" outcome="Passed" testListId="8c84fa94-04c1-424b-9868-57a2d4851a1d" relativeResultsDirectory="dac9f6a1-ab46-42a9-9b77-222086ecf9ab" />
    <UnitTestResult executionId="035d541e-5918-4d76-9177-55a737e47860" testId="0f85206b-ee76-0257-ee95-89b684a45ad0" testName="TestNTS" computerName="OCTAL" duration="00:00:06.6465080" startTime="2026-05-13T19:01:02.7055743+02:00" endTime="2026-05-13T19:01:09.3520817+02:00" testType="13cdc9d9-ddb5-4fa4-a97d-d965ccfc6d4b" outcome="Passed" testListId="8c84fa94-04c1-424b-9868-57a2d4851a1d" relativeResultsDirectory="035d541e-5918-4d76-9177-55a737e47860" />
    <UnitTestResult executionId="4a285c46-9efc-4d44-852d-c8125b0b3271" testId="ae26b52a-6a30-dca8-3f3e-d3a2eda7f2b3" testName="TestNTS_RequestSignedResponse" computerName="OCTAL" duration="00:00:04.0382110" startTime="2026-05-13T19:03:30.2092158+02:00" endTime="2026-05-13T19:03:34.2474272+02:00" testType="13cdc9d9-ddb5-4fa4-a97d-d965ccfc6d4b" outcome="Passed" testListId="8c84fa94-04c1-424b-9868-57a2d4851a1d" relativeResultsDirectory="4a285c46-9efc-4d44-852d-c8125b0b3271" />
    <UnitTestResult executionId="306cb7f0-2712-4b54-8b7d-2dc22f94639e" testId="236ddde4-6ee5-0ee9-2d09-083be305e297" testName="ClockOffsetAndRoundTripDelay_AreCalculatedFromRfc5905Timestamps" computerName="OCTAL" duration="00:00:00.0054950" startTime="2026-05-13T18:59:10.8064102+02:00" endTime="2026-05-13T18:59:10.8119045+02:00" testType="13cdc9d9-ddb5-4fa4-a97d-d965ccfc6d4b" outcome="Passed" testListId="8c84fa94-04c1-424b-9868-57a2d4851a1d" relativeResultsDirectory="306cb7f0-2712-4b54-8b7d-2dc22f94639e" />
    <UnitTestResult executionId="b9514b7c-90f9-4d12-90e2-ee6b17cb34f0" testId="e297d4ab-0ec3-7bcc-574c-054544c17384" testName="TestNTS_RandomBitError" computerName="OCTAL" duration="00:00:12.8950160" startTime="2026-05-13T19:02:03.2044221+02:00" endTime="2026-05-13T19:02:16.0994379+02:00" testType="13cdc9d9-ddb5-4fa4-a97d-d965ccfc6d4b" outcome="Passed" testListId="8c84fa94-04c1-424b-9868-57a2d4851a1d" relativeResultsDirectory="b9514b7c-90f9-4d12-90e2-ee6b17cb34f0" />
    <UnitTestResult executionId="0d76bd9a-0b07-4277-a22c-944988f85503" testId="68eaaaa7-7ba5-bc3c-f34b-b21ee4ee37f9" testName="TestNTS_CustomTLSCertificateValidation" computerName="OCTAL" duration="00:00:07.9624660" startTime="2026-05-13T19:02:35.0126977+02:00" endTime="2026-05-13T19:02:42.9751635+02:00" testType="13cdc9d9-ddb5-4fa4-a97d-d965ccfc6d4b" outcome="Passed" testListId="8c84fa94-04c1-424b-9868-57a2d4851a1d" relativeResultsDirectory="0d76bd9a-0b07-4277-a22c-944988f85503" />
    <UnitTestResult executionId="bdf8c8e8-cc8c-49ee-b3d5-81c8f09b75d7" testId="cce50852-c18d-8468-e183-22aded89ff78" testName="TestNTS_RandomBitError" computerName="OCTAL" duration="00:00:16.8614900" startTime="2026-05-13T18:59:39.9321582+02:00" endTime="2026-05-13T18:59:56.7936480+02:00" testType="13cdc9d9-ddb5-4fa4-a97d-d965ccfc6d4b" outcome="Passed" testListId="8c84fa94-04c1-424b-9868-57a2d4851a1d" relativeResultsDirectory="bdf8c8e8-cc8c-49ee-b3d5-81c8f09b75d7" />
    <UnitTestResult executionId="642e60f3-c52e-4edc-8d0e-9f951509d717" testId="8e78b241-2d70-2b89-4e8c-5e05a45dac7e" testName="StopwatchRoundTripTime_IsCalculatedFromStopwatchTimestamps" computerName="OCTAL" duration="00:00:00.0004780" startTime="2026-05-13T18:59:10.8122978+02:00" endTime="2026-05-13T18:59:10.8127757+02:00" testType="13cdc9d9-ddb5-4fa4-a97d-d965ccfc6d4b" outcome="Passed" testListId="8c84fa94-04c1-424b-9868-57a2d4851a1d" relativeResultsDirectory="642e60f3-c52e-4edc-8d0e-9f951509d717" />
    <UnitTestResult executionId="3f9e06c8-7edd-4a3d-957f-b0b60c062c76" testId="010b9f64-0677-fee4-27b8-bc8c1e3e1aaa" testName="TestNTSKE" computerName="OCTAL" duration="00:00:03.1461090" startTime="2026-05-13T19:03:01.7783647+02:00" endTime="2026-05-13T19:03:04.9244732+02:00" testType="13cdc9d9-ddb5-4fa4-a97d-d965ccfc6d4b" outcome="Passed" testListId="8c84fa94-04c1-424b-9868-57a2d4851a1d" relativeResultsDirectory="3f9e06c8-7edd-4a3d-957f-b0b60c062c76" />
    <UnitTestResult executionId="ff3e33b7-dbb8-4fa9-abd2-3ce2d7a03e13" testId="94f0b039-113a-8c7c-402d-fdd86d95d31d" testName="TestNTS_CustomTLSCertificateValidation_Failed" computerName="OCTAL" duration="00:00:01.1944360" startTime="2026-05-13T19:02:42.9751949+02:00" endTime="2026-05-13T19:02:44.1696304+02:00" testType="13cdc9d9-ddb5-4fa4-a97d-d965ccfc6d4b" outcome="Passed" testListId="8c84fa94-04c1-424b-9868-57a2d4851a1d" relativeResultsDirectory="ff3e33b7-dbb8-4fa9-abd2-3ce2d7a03e13" />
    <UnitTestResult executionId="1f1a3d77-dacb-4f54-aa0e-5d2992a7f37f" testId="96b5265f-54e0-8f92-1682-26f32dcfc19f" testName="TestNTS_CustomTLSCertificateValidation" computerName="OCTAL" duration="00:00:13.9238180" startTime="2026-05-13T18:59:21.0010728+02:00" endTime="2026-05-13T18:59:34.9248902+02:00" testType="13cdc9d9-ddb5-4fa4-a97d-d965ccfc6d4b" outcome="Passed" testListId="8c84fa94-04c1-424b-9868-57a2d4851a1d" relativeResultsDirectory="1f1a3d77-dacb-4f54-aa0e-5d2992a7f37f" />
    <UnitTestResult executionId="8ab7f0f0-c850-443f-97ed-2afe89f02858" testId="82626c86-856e-ef11-e370-1008f1e769c7" testName="TestServer1" computerName="OCTAL" duration="00:00:00.2198830" startTime="2026-05-13T19:00:08.3001066+02:00" endTime="2026-05-13T19:00:08.5199898+02:00" testType="13cdc9d9-ddb5-4fa4-a97d-d965ccfc6d4b" outcome="Failed" testListId="8c84fa94-04c1-424b-9868-57a2d4851a1d" relativeResultsDirectory="8ab7f0f0-c850-443f-97ed-2afe89f02858">
      <Output>
        <ErrorInfo>
          <Message>OneTimeSetUp: SetUp : System.Net.Sockets.SocketException : Normalerweise darf jede Socketadresse (Protokoll, Netzwerkadresse oder Anschluss) nur jeweils einmal verwendet werden.</Message>
          <StackTrace>--SetUp&#xD;
   at System.Net.Sockets.Socket.UpdateStatusAfterSocketErrorAndThrowException(SocketError error, Boolean disconnectOnFailure, String callerName)&#xD;
   at System.Net.Sockets.Socket.DoBind(EndPoint endPointSnapshot, SocketAddress socketAddress)&#xD;
   at System.Net.Sockets.Socket.Bind(EndPoint localEP)&#xD;
   at org.GraphDefined.Vanaheimr.Norn.NTS.NTSServer.Start(CancellationToken CancellationToken) in D:\Coding\OpenChargingCloud\NornDrone\libs\Norn\Norn\NTSServer\NTSServer.cs:line 333&#xD;
   at org.GraphDefined.Vanaheimr.Norn.Tests.NTS.NTSServer_Tests.StartNTSServer() in D:\Coding\OpenChargingCloud\NornDrone\libs\Norn\NornTests\NTS\NTSServer_Tests.cs:line 79&#xD;
   at NUnit.Framework.Internal.TaskAwaitAdapter.GenericAdapter`1.GetResult()&#xD;
   at NUnit.Framework.Internal.AsyncToSyncAdapter.Await[TResult](TestExecutionContext context, Func`1 invoke)&#xD;
   at NUnit.Framework.Internal.AsyncToSyncAdapter.Await(TestExecutionContext context, Func`1 invoke)&#xD;
   at NUnit.Framework.Internal.Commands.SetUpTearDownItem.RunSetUpOrTearDownMethod(TestExecutionContext context, IMethodInfo method)&#xD;
   at NUnit.Framework.Internal.Commands.SetUpTearDownItem.RunSetUp(TestExecutionContext context)
</StackTrace>
        </ErrorInfo>
      </Output>
    </UnitTestResult>
    <UnitTestResult executionId="4df2a70d-8dd5-4a81-83eb-7066599b8d64" testId="73d23ee4-aac2-7a49-3545-f55d37315b15" testName="TestCMACSubkeyGeneration2" computerName="OCTAL" duration="00:00:00.0002610" startTime="2026-05-13T18:59:10.7373842+02:00" endTime="2026-05-13T18:59:10.7376447+02:00" testType="13cdc9d9-ddb5-4fa4-a97d-d965ccfc6d4b" outcome="Passed" testListId="8c84fa94-04c1-424b-9868-57a2d4851a1d" relativeResultsDirectory="4df2a70d-8dd5-4a81-83eb-7066599b8d64" />
    <UnitTestResult executionId="c4562f0d-7b14-415f-bbb4-7140d7345dbe" testId="695b28fb-d38d-cb8a-d22d-8b627866d361" testName="TestAES_CTR_Encryption_TestVector2_butTooShort" computerName="OCTAL" duration="00:00:00.0259570" startTime="2026-05-13T18:59:10.6853401+02:00" endTime="2026-05-13T18:59:10.7109652+02:00" testType="13cdc9d9-ddb5-4fa4-a97d-d965ccfc6d4b" outcome="Passed" testListId="8c84fa94-04c1-424b-9868-57a2d4851a1d" relativeResultsDirectory="c4562f0d-7b14-415f-bbb4-7140d7345dbe" />
    <UnitTestResult executionId="57a19266-705a-42b6-85cf-a35c54635fcd" testId="36192fdd-f5e4-887b-cc12-5257611170f4" testName="TestNTP" computerName="OCTAL" duration="00:00:03.1705390" startTime="2026-05-13T19:01:42.4768816+02:00" endTime="2026-05-13T19:01:45.6474197+02:00" testType="13cdc9d9-ddb5-4fa4-a97d-d965ccfc6d4b" outcome="Passed" testListId="8c84fa94-04c1-424b-9868-57a2d4851a1d" relativeResultsDirectory="57a19266-705a-42b6-85cf-a35c54635fcd" />
    <UnitTestResult executionId="c15f5245-bbb3-48e0-b844-a5893406d625" testId="fcdc2732-a2b5-d0e5-c27a-43235213023f" testName="Stratum2_Uses_IPv4OrHash_Rendering" computerName="OCTAL" duration="00:00:00.0012620" startTime="2026-05-13T18:59:10.8281918+02:00" endTime="2026-05-13T18:59:10.8294542+02:00" testType="13cdc9d9-ddb5-4fa4-a97d-d965ccfc6d4b" outcome="Passed" testListId="8c84fa94-04c1-424b-9868-57a2d4851a1d" relativeResultsDirectory="c15f5245-bbb3-48e0-b844-a5893406d625" />
    <UnitTestResult executionId="9826e1e4-7f55-44cf-9c8c-e908fad58762" testId="a40aad6c-f61d-970e-50ee-e070cd2bbdf0" testName="TestNTP" computerName="OCTAL" duration="00:00:00.3722650" startTime="2026-05-13T18:59:10.8303478+02:00" endTime="2026-05-13T18:59:11.2026124+02:00" testType="13cdc9d9-ddb5-4fa4-a97d-d965ccfc6d4b" outcome="Passed" testListId="8c84fa94-04c1-424b-9868-57a2d4851a1d" relativeResultsDirectory="9826e1e4-7f55-44cf-9c8c-e908fad58762" />
    <UnitTestResult executionId="bda8c91c-a2dc-4e32-b4c4-7f9d04fe5773" testId="b316d31a-f772-3966-9c54-37b5ecc5ddab" testName="TestNTS_CustomTLSCertificateValidation" computerName="OCTAL" duration="00:00:03.4179460" startTime="2026-05-13T19:04:17.2216652+02:00" endTime="2026-05-13T19:04:20.6396114+02:00" testType="13cdc9d9-ddb5-4fa4-a97d-d965ccfc6d4b" outcome="Passed" testListId="8c84fa94-04c1-424b-9868-57a2d4851a1d" relativeResultsDirectory="bda8c91c-a2dc-4e32-b4c4-7f9d04fe5773" />
    <UnitTestResult executionId="6470b885-a4f5-4319-a0d2-b50a5ba7daad" testId="c555ce90-8b57-adb5-2452-233711e15081" testName="NTSKE_ToJSON_Includes_Network_And_TLS_Diagnostics" computerName="OCTAL" duration="00:00:00.0032610" startTime="2026-05-13T18:59:10.8029874+02:00" endTime="2026-05-13T18:59:10.8062477+02:00" testType="13cdc9d9-ddb5-4fa4-a97d-d965ccfc6d4b" outcome="Failed" testListId="8c84fa94-04c1-424b-9868-57a2d4851a1d" relativeResultsDirectory="6470b885-a4f5-4319-a0d2-b50a5ba7daad">
      <Output>
        <ErrorInfo>
          <Message>  Assert.That(json.Value&lt;String&gt;("ntpServerNegotiated"), Is.EqualTo("time.example.org"))&#xD;
  Expected string length 16 but was 17. Strings differ at index 16.&#xD;
  Expected: "time.example.org"&#xD;
  But was:  "time.example.org."&#xD;
  ---------------------------^&#xD;
</Message>
          <StackTrace>   at org.GraphDefined.Vanaheimr.Norn.Tests.Monitoring.MonitoringResult_Tests.NTSKE_ToJSON_Includes_Network_And_TLS_Diagnostics() in D:\Coding\OpenChargingCloud\NornDrone\libs\Norn\NornTests\Monitoring\MonitoringResult_Tests.cs:line 69&#xD;

1)    at org.GraphDefined.Vanaheimr.Norn.Tests.Monitoring.MonitoringResult_Tests.NTSKE_ToJSON_Includes_Network_And_TLS_Diagnostics() in D:\Coding\OpenChargingCloud\NornDrone\libs\Norn\NornTests\Monitoring\MonitoringResult_Tests.cs:line 69&#xD;

</StackTrace>
        </ErrorInfo>
      </Output>
    </UnitTestResult>
    <UnitTestResult executionId="c84961b0-1407-4271-ad50-4264d8fa19eb" testId="5e4eaa49-4a9f-ce3b-3065-2cc30f202513" testName="TestNTSKE" computerName="OCTAL" duration="00:00:05.0382170" startTime="2026-05-13T19:01:37.4381483+02:00" endTime="2026-05-13T19:01:42.4763656+02:00" testType="13cdc9d9-ddb5-4fa4-a97d-d965ccfc6d4b" outcome="Passed" testListId="8c84fa94-04c1-424b-9868-57a2d4851a1d" relativeResultsDirectory="c84961b0-1407-4271-ad50-4264d8fa19eb" />
    <UnitTestResult executionId="45fe7c8c-3900-4ce7-b12b-6c1e1dc57b23" testId="25c03d8c-f901-b7ff-98eb-c19e398ab07a" testName="TestNTSKE" computerName="OCTAL" duration="00:00:04.2154630" startTime="2026-05-13T19:00:54.0105886+02:00" endTime="2026-05-13T19:00:58.2260510+02:00" testType="13cdc9d9-ddb5-4fa4-a97d-d965ccfc6d4b" outcome="Passed" testListId="8c84fa94-04c1-424b-9868-57a2d4851a1d" relativeResultsDirectory="45fe7c8c-3900-4ce7-b12b-6c1e1dc57b23" />
    <UnitTestResult executionId="93dffa97-877e-4973-91c6-2f78939cc455" testId="19b66662-4494-44d4-3c5a-c8d67767a474" testName="TestNTS" computerName="OCTAL" duration="00:00:09.5058610" startTime="2026-05-13T19:00:12.6320227+02:00" endTime="2026-05-13T19:00:22.1378838+02:00" testType="13cdc9d9-ddb5-4fa4-a97d-d965ccfc6d4b" outcome="Passed" testListId="8c84fa94-04c1-424b-9868-57a2d4851a1d" relativeResultsDirectory="93dffa97-877e-4973-91c6-2f78939cc455" />
    <UnitTestResult executionId="09416ac2-d0d1-4a0d-8ca8-3a96c26f9961" testId="ea265960-04fb-c6c3-997a-8e27173247a6" testName="NTP_ToJSON_Includes_Remote_Endpoint_And_Cookie_Diagnostics" computerName="OCTAL" duration="00:00:00.0531970" startTime="2026-05-13T18:59:10.7496786+02:00" endTime="2026-05-13T18:59:10.8028752+02:00" testType="13cdc9d9-ddb5-4fa4-a97d-d965ccfc6d4b" outcome="Failed" testListId="8c84fa94-04c1-424b-9868-57a2d4851a1d" relativeResultsDirectory="09416ac2-d0d1-4a0d-8ca8-3a96c26f9961">
      <Output>
        <ErrorInfo>
          <Message>  Assert.That(json.Value&lt;String&gt;("remoteHost"), Is.EqualTo("time.example.org"))&#xD;
  Expected string length 16 but was 17. Strings differ at index 16.&#xD;
  Expected: "time.example.org"&#xD;
  But was:  "time.example.org."&#xD;
  ---------------------------^&#xD;
</Message>
          <StackTrace>   at org.GraphDefined.Vanaheimr.Norn.Tests.Monitoring.MonitoringResult_Tests.NTP_ToJSON_Includes_Remote_Endpoint_And_Cookie_Diagnostics() in D:\Coding\OpenChargingCloud\NornDrone\libs\Norn\NornTests\Monitoring\MonitoringResult_Tests.cs:line 114&#xD;

1)    at org.GraphDefined.Vanaheimr.Norn.Tests.Monitoring.MonitoringResult_Tests.NTP_ToJSON_Includes_Remote_Endpoint_And_Cookie_Diagnostics() in D:\Coding\OpenChargingCloud\NornDrone\libs\Norn\NornTests\Monitoring\MonitoringResult_Tests.cs:line 114&#xD;

</StackTrace>
        </ErrorInfo>
      </Output>
    </UnitTestResult>
    <UnitTestResult executionId="b693e484-966f-41cf-bf62-d2bca7b1066c" testId="212cd43b-0080-2e0f-9e29-2d0bf1b79eae" testName="TestNTS_CustomTLSCertificateValidation_Failed" computerName="OCTAL" duration="00:00:05.0071680" startTime="2026-05-13T18:59:34.9249293+02:00" endTime="2026-05-13T18:59:39.9320974+02:00" testType="13cdc9d9-ddb5-4fa4-a97d-d965ccfc6d4b" outcome="Passed" testListId="8c84fa94-04c1-424b-9868-57a2d4851a1d" relativeResultsDirectory="b693e484-966f-41cf-bf62-d2bca7b1066c" />
    <UnitTestResult executionId="c9cea511-dbab-45fc-b345-8921208489e1" testId="c9995362-3caa-d8cc-ab60-7bc54ca55ca1" testName="TestNTS" computerName="OCTAL" duration="00:00:08.8698170" startTime="2026-05-13T19:01:45.6474606+02:00" endTime="2026-05-13T19:01:54.5172771+02:00" testType="13cdc9d9-ddb5-4fa4-a97d-d965ccfc6d4b" outcome="Passed" testListId="8c84fa94-04c1-424b-9868-57a2d4851a1d" relativeResultsDirectory="c9cea511-dbab-45fc-b345-8921208489e1" />
    <UnitTestResult executionId="092aa47d-76d8-4e2f-b3b3-6eafb38c099e" testId="e38167e4-2fd4-f794-3ece-66e969339897" testName="TestNTS_RandomBitError" computerName="OCTAL" duration="00:00:06.5866150" startTime="2026-05-13T19:03:54.1078499+02:00" endTime="2026-05-13T19:04:00.6944654+02:00" testType="13cdc9d9-ddb5-4fa4-a97d-d965ccfc6d4b" outcome="Passed" testListId="8c84fa94-04c1-424b-9868-57a2d4851a1d" relativeResultsDirectory="092aa47d-76d8-4e2f-b3b3-6eafb38c099e" />
    <UnitTestResult executionId="669e3ff4-7fa2-457a-819e-833396a0dc01" testId="e9bc3a76-3495-e1fc-e52f-2eb19b42cba3" testName="TestNTS_RequestSignedResponse" computerName="OCTAL" duration="00:00:08.1707630" startTime="2026-05-13T19:00:45.8397444+02:00" endTime="2026-05-13T19:00:54.0105070+02:00" testType="13cdc9d9-ddb5-4fa4-a97d-d965ccfc6d4b" outcome="Passed" testListId="8c84fa94-04c1-424b-9868-57a2d4851a1d" relativeResultsDirectory="669e3ff4-7fa2-457a-819e-833396a0dc01" />
    <UnitTestResult executionId="e6a6202b-c330-422d-afe8-0573382e66ee" testId="67e139a6-3f48-841a-b1f6-131d2792debc" testName="TestNTSKE" computerName="OCTAL" duration="00:00:03.0493100" startTime="2026-05-13T19:03:34.2474530+02:00" endTime="2026-05-13T19:03:37.2967626+02:00" testType="13cdc9d9-ddb5-4fa4-a97d-d965ccfc6d4b" outcome="Passed" testListId="8c84fa94-04c1-424b-9868-57a2d4851a1d" relativeResultsDirectory="e6a6202b-c330-422d-afe8-0573382e66ee" />
    <UnitTestResult executionId="454ae610-6112-4b67-ac6d-e716441a0926" testId="6b1a8b77-3839-670e-dd81-2768ac3ec977" testName="TestNTS" computerName="OCTAL" duration="00:00:09.7984080" startTime="2026-05-13T18:59:11.2026373+02:00" endTime="2026-05-13T18:59:21.0010443+02:00" testType="13cdc9d9-ddb5-4fa4-a97d-d965ccfc6d4b" outcome="Passed" testListId="8c84fa94-04c1-424b-9868-57a2d4851a1d" relativeResultsDirectory="454ae610-6112-4b67-ac6d-e716441a0926" />
    <UnitTestResult executionId="3680968b-9d11-42ad-84ec-6aa4cabae48e" testId="503622d0-7624-cc4e-8673-71e4239fc02e" testName="AES128_SIV_Test2" computerName="OCTAL" duration="00:00:00.0010500" startTime="2026-05-13T18:59:10.7349355+02:00" endTime="2026-05-13T18:59:10.7359850+02:00" testType="13cdc9d9-ddb5-4fa4-a97d-d965ccfc6d4b" outcome="Passed" testListId="8c84fa94-04c1-424b-9868-57a2d4851a1d" relativeResultsDirectory="3680968b-9d11-42ad-84ec-6aa4cabae48e" />
    <UnitTestResult executionId="adfc5c8b-60b7-4072-969e-291c12e6f144" testId="d25c7386-7c8e-a085-495a-03151aec6404" testName="TestAES_CTR_Encryption_TestVector2a" computerName="OCTAL" duration="00:00:00.0086670" startTime="2026-05-13T18:59:10.7127174+02:00" endTime="2026-05-13T18:59:10.7213842+02:00" testType="13cdc9d9-ddb5-4fa4-a97d-d965ccfc6d4b" outcome="Passed" testListId="8c84fa94-04c1-424b-9868-57a2d4851a1d" relativeResultsDirectory="adfc5c8b-60b7-4072-969e-291c12e6f144" />
    <UnitTestResult executionId="bd6d1b0d-78b0-43f8-a739-3ceceed77580" testId="c8e1eb8c-ec12-cda1-75f4-48640824864a" testName="FailedResults_Include_ErrorCategory" computerName="OCTAL" duration="00:00:00.0118630" startTime="2026-05-13T18:59:10.7377959+02:00" endTime="2026-05-13T18:59:10.7496580+02:00" testType="13cdc9d9-ddb5-4fa4-a97d-d965ccfc6d4b" outcome="Passed" testListId="8c84fa94-04c1-424b-9868-57a2d4851a1d" relativeResultsDirectory="bd6d1b0d-78b0-43f8-a739-3ceceed77580" />
    <UnitTestResult executionId="2e77bde7-aa50-41c2-b8ab-747522823fe8" testId="419cb690-9ef1-b044-aa97-301c6e56e5f2" testName="TestNTSKE" computerName="OCTAL" duration="00:00:03.2466390" startTime="2026-05-13T19:04:37.3326886+02:00" endTime="2026-05-13T19:04:40.5793278+02:00" testType="13cdc9d9-ddb5-4fa4-a97d-d965ccfc6d4b" outcome="Passed" testListId="8c84fa94-04c1-424b-9868-57a2d4851a1d" relativeResultsDirectory="2e77bde7-aa50-41c2-b8ab-747522823fe8" />
    <UnitTestResult executionId="f6ebad35-704b-4fbb-bc3f-8a94d4bafccc" testId="ae838d4f-07ee-cac2-72af-7f3936c596dd" testName="TestNTS_CustomTLSCertificateValidation_Failed" computerName="OCTAL" duration="00:00:04.6505910" startTime="2026-05-13T19:00:29.9792965+02:00" endTime="2026-05-13T19:00:34.6298871+02:00" testType="13cdc9d9-ddb5-4fa4-a97d-d965ccfc6d4b" outcome="Passed" testListId="8c84fa94-04c1-424b-9868-57a2d4851a1d" relativeResultsDirectory="f6ebad35-704b-4fbb-bc3f-8a94d4bafccc" />
    <UnitTestResult executionId="cca30126-8a2f-4d76-ae95-be510fb9fdf3" testId="35da860d-de29-ecbb-1f49-e83500e46f2f" testName="ClockOffsetAndRoundTripDelay_AreNullWithoutDestinationTimestamp" computerName="OCTAL" duration="00:00:00.0003530" startTime="2026-05-13T18:59:10.8119300+02:00" endTime="2026-05-13T18:59:10.8122829+02:00" testType="13cdc9d9-ddb5-4fa4-a97d-d965ccfc6d4b" outcome="Passed" testListId="8c84fa94-04c1-424b-9868-57a2d4851a1d" relativeResultsDirectory="cca30126-8a2f-4d76-ae95-be510fb9fdf3" />
    <UnitTestResult executionId="9bedcdbf-b981-403e-afb8-ee25ba32f130" testId="8b8590d3-f539-ef2f-6fcc-02f34b29e29d" testName="TestCMACSubkeyGeneration1" computerName="OCTAL" duration="00:00:00.0005680" startTime="2026-05-13T18:59:10.7368003+02:00" endTime="2026-05-13T18:59:10.7373678+02:00" testType="13cdc9d9-ddb5-4fa4-a97d-d965ccfc6d4b" outcome="Passed" testListId="8c84fa94-04c1-424b-9868-57a2d4851a1d" relativeResultsDirectory="9bedcdbf-b981-403e-afb8-ee25ba32f130" />
    <UnitTestResult executionId="3583f105-ee75-426a-a4e4-91b96b2ebca8" testId="d8a32e0a-3e80-ad15-6d08-8d8e7c85ced9" testName="TestNTP" computerName="OCTAL" duration="00:00:01.8419050" startTime="2026-05-13T19:03:04.9248955+02:00" endTime="2026-05-13T19:03:06.7668007+02:00" testType="13cdc9d9-ddb5-4fa4-a97d-d965ccfc6d4b" outcome="Passed" testListId="8c84fa94-04c1-424b-9868-57a2d4851a1d" relativeResultsDirectory="3583f105-ee75-426a-a4e4-91b96b2ebca8" />
    <UnitTestResult executionId="adb7423f-b106-4439-b425-e54acfd7d19d" testId="9dc157d9-7752-b651-4932-87f4d6d4c542" testName="TestNTP" computerName="OCTAL" duration="00:00:04.1108900" startTime="2026-05-13T19:00:08.5209973+02:00" endTime="2026-05-13T19:00:12.6318875+02:00" testType="13cdc9d9-ddb5-4fa4-a97d-d965ccfc6d4b" outcome="Passed" testListId="8c84fa94-04c1-424b-9868-57a2d4851a1d" relativeResultsDirectory="adb7423f-b106-4439-b425-e54acfd7d19d" />
    <UnitTestResult executionId="d0ce35ac-fc63-4672-8072-7664ebf27741" testId="93b583e4-6659-825c-4281-b15d0f6e09a0" testName="TestNTS_CustomTLSCertificateValidation" computerName="OCTAL" duration="00:00:05.7022460" startTime="2026-05-13T19:03:46.2444434+02:00" endTime="2026-05-13T19:03:51.9466894+02:00" testType="13cdc9d9-ddb5-4fa4-a97d-d965ccfc6d4b" outcome="Passed" testListId="8c84fa94-04c1-424b-9868-57a2d4851a1d" relativeResultsDirectory="d0ce35ac-fc63-4672-8072-7664ebf27741" />
    <UnitTestResult executionId="bafa60d0-73f6-40fe-92a7-fec2bfb6766e" testId="c84a1b90-0065-d2e6-79ab-ac44786462ec" testName="TestNTS_RandomBitError" computerName="OCTAL" duration="00:00:09.8006750" startTime="2026-05-13T19:04:22.5554056+02:00" endTime="2026-05-13T19:04:32.3560808+02:00" testType="13cdc9d9-ddb5-4fa4-a97d-d965ccfc6d4b" outcome="Passed" testListId="8c84fa94-04c1-424b-9868-57a2d4851a1d" relativeResultsDirectory="bafa60d0-73f6-40fe-92a7-fec2bfb6766e" />
    <UnitTestResult executionId="b6513b96-db35-40c5-aa81-4dd28ac1cad9" testId="4a749583-deb2-7d4d-bd8e-65509534740a" testName="TryParse_RejectsShortBinaryCookie" computerName="OCTAL" duration="00:00:00.0002250" startTime="2026-05-13T19:00:08.2842507+02:00" endTime="2026-05-13T19:00:08.2844756+02:00" testType="13cdc9d9-ddb5-4fa4-a97d-d965ccfc6d4b" outcome="Passed" testListId="8c84fa94-04c1-424b-9868-57a2d4851a1d" relativeResultsDirectory="b6513b96-db35-40c5-aa81-4dd28ac1cad9" />
    <UnitTestResult executionId="6a4af4dd-7048-41f6-b3cd-774c3635334a" testId="d5e8c662-490b-9eda-31c8-65b0ba0479bf" testName="NTSRequest_Test" computerName="OCTAL" duration="00:00:00.0047900" startTime="2026-05-13T19:04:40.7693444+02:00" endTime="2026-05-13T19:04:40.7741339+02:00" testType="13cdc9d9-ddb5-4fa4-a97d-d965ccfc6d4b" outcome="Passed" testListId="8c84fa94-04c1-424b-9868-57a2d4851a1d" relativeResultsDirectory="6a4af4dd-7048-41f6-b3cd-774c3635334a" />
    <UnitTestResult executionId="338510bb-71be-42c4-94ed-09920aaaf525" testId="9a5afe06-7c3f-49b7-1f97-8f327a1ba284" testName="TestNTS_RequestSignedResponse" computerName="OCTAL" duration="00:00:04.9764940" startTime="2026-05-13T19:04:32.3560996+02:00" endTime="2026-05-13T19:04:37.3325938+02:00" testType="13cdc9d9-ddb5-4fa4-a97d-d965ccfc6d4b" outcome="Passed" testListId="8c84fa94-04c1-424b-9868-57a2d4851a1d" relativeResultsDirectory="338510bb-71be-42c4-94ed-09920aaaf525" />
    <UnitTestResult executionId="b97aa180-f095-4f5b-a3ba-5bb451fbf8ca" testId="c8fe9521-25fc-f221-793a-96d0830afa0b" testName="TestNTS" computerName="OCTAL" duration="00:00:05.7974530" startTime="2026-05-13T19:03:40.4469631+02:00" endTime="2026-05-13T19:03:46.2444143+02:00" testType="13cdc9d9-ddb5-4fa4-a97d-d965ccfc6d4b" outcome="Passed" testListId="8c84fa94-04c1-424b-9868-57a2d4851a1d" relativeResultsDirectory="b97aa180-f095-4f5b-a3ba-5bb451fbf8ca" />
    <UnitTestResult executionId="f586bcb0-ab11-4926-a4a8-f61239203f53" testId="ae5ebdfb-a58e-c8de-4a94-dd8c08f05d09" testName="AES128_SIV_TestX" computerName="OCTAL" duration="00:00:00.0004490" startTime="2026-05-13T18:59:10.7359989+02:00" endTime="2026-05-13T18:59:10.7364476+02:00" testType="13cdc9d9-ddb5-4fa4-a97d-d965ccfc6d4b" outcome="Passed" testListId="8c84fa94-04c1-424b-9868-57a2d4851a1d" relativeResultsDirectory="f586bcb0-ab11-4926-a4a8-f61239203f53" />
  </Results>
  <TestDefinitions>
    <UnitTest name="Stratum1_ASCII_Allows_ZeroPadding" storage="d:\coding\openchargingcloud\norndrone\libs\norn\norntests\bin\debug\net10.0\org.graphdefined.vanaheimr.norn.tests.dll" id="73e298e7-3ec3-9496-2bde-b4f358bf43d9">
      <Execution id="c4fdd184-f013-448d-a7c6-2a8af0aaa3f9" />
      <TestMethod codeBase="D:\Coding\OpenChargingCloud\NornDrone\libs\Norn\NornTests\bin\Debug\net10.0\org.GraphDefined.Vanaheimr.Norn.Tests.dll" adapterTypeName="executor://nunit3testexecutor/" className="org.GraphDefined.Vanaheimr.Norn.Tests.NTP.ReferenceIdentifier_Tests" name="Stratum1_ASCII_Allows_ZeroPadding" />
    </UnitTest>
    <UnitTest name="TestNTP" storage="d:\coding\openchargingcloud\norndrone\libs\norn\norntests\bin\debug\net10.0\org.graphdefined.vanaheimr.norn.tests.dll" id="a40aad6c-f61d-970e-50ee-e070cd2bbdf0">
      <Execution id="9826e1e4-7f55-44cf-9c8c-e908fad58762" />
      <TestMethod codeBase="D:\Coding\OpenChargingCloud\NornDrone\libs\Norn\NornTests\bin\Debug\net10.0\org.GraphDefined.Vanaheimr.Norn.Tests.dll" adapterTypeName="executor://nunit3testexecutor/" className="org.GraphDefined.Vanaheimr.Norn.Tests.NTS.Cloudflare_Tests" name="TestNTP" />
    </UnitTest>
    <UnitTest name="TestNTS" storage="d:\coding\openchargingcloud\norndrone\libs\norn\norntests\bin\debug\net10.0\org.graphdefined.vanaheimr.norn.tests.dll" id="6b1a8b77-3839-670e-dd81-2768ac3ec977">
      <Execution id="454ae610-6112-4b67-ac6d-e716441a0926" />
      <TestMethod codeBase="D:\Coding\OpenChargingCloud\NornDrone\libs\Norn\NornTests\bin\Debug\net10.0\org.GraphDefined.Vanaheimr.Norn.Tests.dll" adapterTypeName="executor://nunit3testexecutor/" className="org.GraphDefined.Vanaheimr.Norn.Tests.NTS.Cloudflare_Tests" name="TestNTS" />
    </UnitTest>
    <UnitTest name="TestNTS_RequestSignedResponse" storage="d:\coding\openchargingcloud\norndrone\libs\norn\norntests\bin\debug\net10.0\org.graphdefined.vanaheimr.norn.tests.dll" id="ae26b52a-6a30-dca8-3f3e-d3a2eda7f2b3">
      <Execution id="4a285c46-9efc-4d44-852d-c8125b0b3271" />
      <TestMethod codeBase="D:\Coding\OpenChargingCloud\NornDrone\libs\Norn\NornTests\bin\Debug\net10.0\org.GraphDefined.Vanaheimr.Norn.Tests.dll" adapterTypeName="executor://nunit3testexecutor/" className="org.GraphDefined.Vanaheimr.Norn.Tests.NTS.PTBTime2_Tests" name="TestNTS_RequestSignedResponse" />
    </UnitTest>
    <UnitTest name="TryParse_SetsStopwatchTimestamps" storage="d:\coding\openchargingcloud\norndrone\libs\norn\norntests\bin\debug\net10.0\org.graphdefined.vanaheimr.norn.tests.dll" id="c8e08855-be33-bfee-ad18-8ff34c7598b8">
      <Execution id="c3264f82-4a51-4c25-bf6c-31ddab872026" />
      <TestMethod codeBase="D:\Coding\OpenChargingCloud\NornDrone\libs\Norn\NornTests\bin\Debug\net10.0\org.GraphDefined.Vanaheimr.Norn.Tests.dll" adapterTypeName="executor://nunit3testexecutor/" className="org.GraphDefined.Vanaheimr.Norn.Tests.NTP.NTPResponse_Tests" name="TryParse_SetsStopwatchTimestamps" />
    </UnitTest>
    <UnitTest name="TestNTS" storage="d:\coding\openchargingcloud\norndrone\libs\norn\norntests\bin\debug\net10.0\org.graphdefined.vanaheimr.norn.tests.dll" id="0f85206b-ee76-0257-ee95-89b684a45ad0">
      <Execution id="035d541e-5918-4d76-9177-55a737e47860" />
      <TestMethod codeBase="D:\Coding\OpenChargingCloud\NornDrone\libs\Norn\NornTests\bin\Debug\net10.0\org.GraphDefined.Vanaheimr.Norn.Tests.dll" adapterTypeName="executor://nunit3testexecutor/" className="org.GraphDefined.Vanaheimr.Norn.Tests.NTS.OpenChargingCloud2_Tests" name="TestNTS" />
    </UnitTest>
    <UnitTest name="TestNTS_RequestSignedResponse" storage="d:\coding\openchargingcloud\norndrone\libs\norn\norntests\bin\debug\net10.0\org.graphdefined.vanaheimr.norn.tests.dll" id="fd99eb6a-faeb-da03-343d-6770e7d96440">
      <Execution id="563c2fb4-9bb3-4554-bf0d-996e2136a479" />
      <TestMethod codeBase="D:\Coding\OpenChargingCloud\NornDrone\libs\Norn\NornTests\bin\Debug\net10.0\org.GraphDefined.Vanaheimr.Norn.Tests.dll" adapterTypeName="executor://nunit3testexecutor/" className="org.GraphDefined.Vanaheimr.Norn.Tests.NTS.Cloudflare_Tests" name="TestNTS_RequestSignedResponse" />
    </UnitTest>
    <UnitTest name="FailedResults_Include_ErrorCategory" storage="d:\coding\openchargingcloud\norndrone\libs\norn\norntests\bin\debug\net10.0\org.graphdefined.vanaheimr.norn.tests.dll" id="c8e1eb8c-ec12-cda1-75f4-48640824864a">
      <Execution id="bd6d1b0d-78b0-43f8-a739-3ceceed77580" />
      <TestMethod codeBase="D:\Coding\OpenChargingCloud\NornDrone\libs\Norn\NornTests\bin\Debug\net10.0\org.GraphDefined.Vanaheimr.Norn.Tests.dll" adapterTypeName="executor://nunit3testexecutor/" className="org.GraphDefined.Vanaheimr.Norn.Tests.Monitoring.MonitoringResult_Tests" name="FailedResults_Include_ErrorCategory" />
    </UnitTest>
    <UnitTest name="NTP_ToJSON_Includes_Remote_Endpoint_And_Cookie_Diagnostics" storage="d:\coding\openchargingcloud\norndrone\libs\norn\norntests\bin\debug\net10.0\org.graphdefined.vanaheimr.norn.tests.dll" id="ea265960-04fb-c6c3-997a-8e27173247a6">
      <Execution id="09416ac2-d0d1-4a0d-8ca8-3a96c26f9961" />
      <TestMethod codeBase="D:\Coding\OpenChargingCloud\NornDrone\libs\Norn\NornTests\bin\Debug\net10.0\org.GraphDefined.Vanaheimr.Norn.Tests.dll" adapterTypeName="executor://nunit3testexecutor/" className="org.GraphDefined.Vanaheimr.Norn.Tests.Monitoring.MonitoringResult_Tests" name="NTP_ToJSON_Includes_Remote_Endpoint_And_Cookie_Diagnostics" />
    </UnitTest>
    <UnitTest name="AES128_SIV_Test1" storage="d:\coding\openchargingcloud\norndrone\libs\norn\norntests\bin\debug\net10.0\org.graphdefined.vanaheimr.norn.tests.dll" id="e45b1b2f-b3aa-983e-5144-0600eac9327e">
      <Execution id="dd9e2fa3-f104-48a1-a4e3-594225b746d9" />
      <TestMethod codeBase="D:\Coding\OpenChargingCloud\NornDrone\libs\Norn\NornTests\bin\Debug\net10.0\org.GraphDefined.Vanaheimr.Norn.Tests.dll" adapterTypeName="executor://nunit3testexecutor/" className="org.GraphDefined.Vanaheimr.Norn.Tests.Crypto.AES_SIV_Tests" name="AES128_SIV_Test1" />
    </UnitTest>
    <UnitTest name="Stratum2_Uses_IPv4OrHash_Rendering" storage="d:\coding\openchargingcloud\norndrone\libs\norn\norntests\bin\debug\net10.0\org.graphdefined.vanaheimr.norn.tests.dll" id="fcdc2732-a2b5-d0e5-c27a-43235213023f">
      <Execution id="c15f5245-bbb3-48e0-b844-a5893406d625" />
      <TestMethod codeBase="D:\Coding\OpenChargingCloud\NornDrone\libs\Norn\NornTests\bin\Debug\net10.0\org.GraphDefined.Vanaheimr.Norn.Tests.dll" adapterTypeName="executor://nunit3testexecutor/" className="org.GraphDefined.Vanaheimr.Norn.Tests.NTP.ReferenceIdentifier_Tests" name="Stratum2_Uses_IPv4OrHash_Rendering" />
    </UnitTest>
    <UnitTest name="TestAES_CTR_Encryption_TestVector2b" storage="d:\coding\openchargingcloud\norndrone\libs\norn\norntests\bin\debug\net10.0\org.graphdefined.vanaheimr.norn.tests.dll" id="6ca60487-44a9-f35c-5705-0d868527523d">
      <Execution id="a61ef6d2-e583-4df5-a7d7-5376cd6800dc" />
      <TestMethod codeBase="D:\Coding\OpenChargingCloud\NornDrone\libs\Norn\NornTests\bin\Debug\net10.0\org.GraphDefined.Vanaheimr.Norn.Tests.dll" adapterTypeName="executor://nunit3testexecutor/" className="org.GraphDefined.Vanaheimr.Norn.Tests.Crypto.AES_CTR_Tests" name="TestAES_CTR_Encryption_TestVector2b" />
    </UnitTest>
    <UnitTest name="TestCMACSubkeyGeneration1" storage="d:\coding\openchargingcloud\norndrone\libs\norn\norntests\bin\debug\net10.0\org.graphdefined.vanaheimr.norn.tests.dll" id="8b8590d3-f539-ef2f-6fcc-02f34b29e29d">
      <Execution id="9bedcdbf-b981-403e-afb8-ee25ba32f130" />
      <TestMethod codeBase="D:\Coding\OpenChargingCloud\NornDrone\libs\Norn\NornTests\bin\Debug\net10.0\org.GraphDefined.Vanaheimr.Norn.Tests.dll" adapterTypeName="executor://nunit3testexecutor/" className="org.GraphDefined.Vanaheimr.Norn.Tests.Crypto.CMAC_Tests" name="TestCMACSubkeyGeneration1" />
    </UnitTest>
    <UnitTest name="TestNTP" storage="d:\coding\openchargingcloud\norndrone\libs\norn\norntests\bin\debug\net10.0\org.graphdefined.vanaheimr.norn.tests.dll" id="36192fdd-f5e4-887b-cc12-5257611170f4">
      <Execution id="57a19266-705a-42b6-85cf-a35c54635fcd" />
      <TestMethod codeBase="D:\Coding\OpenChargingCloud\NornDrone\libs\Norn\NornTests\bin\Debug\net10.0\org.GraphDefined.Vanaheimr.Norn.Tests.dll" adapterTypeName="executor://nunit3testexecutor/" className="org.GraphDefined.Vanaheimr.Norn.Tests.NTS.OpenChargingCloud3_Tests" name="TestNTP" />
    </UnitTest>
    <UnitTest name="CookiePool_ConsumesSeededCookiesOnlyOnce" storage="d:\coding\openchargingcloud\norndrone\libs\norn\norntests\bin\debug\net10.0\org.graphdefined.vanaheimr.norn.tests.dll" id="9c12d2af-2f7b-1c5a-09df-f9b3b9831482">
      <Execution id="a6149644-14d6-445b-94ad-91b16455a551" />
      <TestMethod codeBase="D:\Coding\OpenChargingCloud\NornDrone\libs\Norn\NornTests\bin\Debug\net10.0\org.GraphDefined.Vanaheimr.Norn.Tests.dll" adapterTypeName="executor://nunit3testexecutor/" className="org.GraphDefined.Vanaheimr.Norn.Tests.NTS.SerializationDeserialization_Tests" name="CookiePool_ConsumesSeededCookiesOnlyOnce" />
    </UnitTest>
    <UnitTest name="Empty_NTPv4Server_Negotiation_Is_Treated_As_Unset" storage="d:\coding\openchargingcloud\norndrone\libs\norn\norntests\bin\debug\net10.0\org.graphdefined.vanaheimr.norn.tests.dll" id="7cefeefb-754b-d9aa-bc10-01cda67c8694">
      <Execution id="a1d40149-947e-4055-b20d-5432d5782da5" />
      <TestMethod codeBase="D:\Coding\OpenChargingCloud\NornDrone\libs\Norn\NornTests\bin\Debug\net10.0\org.GraphDefined.Vanaheimr.Norn.Tests.dll" adapterTypeName="executor://nunit3testexecutor/" className="org.GraphDefined.Vanaheimr.Norn.Tests.NTS.NTSKEResponse_Tests" name="Empty_NTPv4Server_Negotiation_Is_Treated_As_Unset" />
    </UnitTest>
    <UnitTest name="TestNTS_CustomTLSCertificateValidation_Failed" storage="d:\coding\openchargingcloud\norndrone\libs\norn\norntests\bin\debug\net10.0\org.graphdefined.vanaheimr.norn.tests.dll" id="fe622516-0a4b-ee57-68c2-96ea3e9de68b">
      <Execution id="00ac7747-4cb5-4136-bbc2-d6a714d74e33" />
      <TestMethod codeBase="D:\Coding\OpenChargingCloud\NornDrone\libs\Norn\NornTests\bin\Debug\net10.0\org.GraphDefined.Vanaheimr.Norn.Tests.dll" adapterTypeName="executor://nunit3testexecutor/" className="org.GraphDefined.Vanaheimr.Norn.Tests.NTS.OpenChargingCloud2_Tests" name="TestNTS_CustomTLSCertificateValidation_Failed" />
    </UnitTest>
    <UnitTest name="ClockOffsetAndRoundTripDelay_AreNullWithoutDestinationTimestamp" storage="d:\coding\openchargingcloud\norndrone\libs\norn\norntests\bin\debug\net10.0\org.graphdefined.vanaheimr.norn.tests.dll" id="35da860d-de29-ecbb-1f49-e83500e46f2f">
      <Execution id="cca30126-8a2f-4d76-ae95-be510fb9fdf3" />
      <TestMethod codeBase="D:\Coding\OpenChargingCloud\NornDrone\libs\Norn\NornTests\bin\Debug\net10.0\org.GraphDefined.Vanaheimr.Norn.Tests.dll" adapterTypeName="executor://nunit3testexecutor/" className="org.GraphDefined.Vanaheimr.Norn.Tests.NTP.NTPResponse_Tests" name="ClockOffsetAndRoundTripDelay_AreNullWithoutDestinationTimestamp" />
    </UnitTest>
    <UnitTest name="NTSRequest_Test" storage="d:\coding\openchargingcloud\norndrone\libs\norn\norntests\bin\debug\net10.0\org.graphdefined.vanaheimr.norn.tests.dll" id="d5e8c662-490b-9eda-31c8-65b0ba0479bf">
      <Execution id="6a4af4dd-7048-41f6-b3cd-774c3635334a" />
      <TestMethod codeBase="D:\Coding\OpenChargingCloud\NornDrone\libs\Norn\NornTests\bin\Debug\net10.0\org.GraphDefined.Vanaheimr.Norn.Tests.dll" adapterTypeName="executor://nunit3testexecutor/" className="org.GraphDefined.Vanaheimr.Norn.Tests.NTS.SerializationDeserialization_Tests" name="NTSRequest_Test" />
    </UnitTest>
    <UnitTest name="TestNTS_CustomTLSCertificateValidation" storage="d:\coding\openchargingcloud\norndrone\libs\norn\norntests\bin\debug\net10.0\org.graphdefined.vanaheimr.norn.tests.dll" id="93b583e4-6659-825c-4281-b15d0f6e09a0">
      <Execution id="d0ce35ac-fc63-4672-8072-7664ebf27741" />
      <TestMethod codeBase="D:\Coding\OpenChargingCloud\NornDrone\libs\Norn\NornTests\bin\Debug\net10.0\org.GraphDefined.Vanaheimr.Norn.Tests.dll" adapterTypeName="executor://nunit3testexecutor/" className="org.GraphDefined.Vanaheimr.Norn.Tests.NTS.PTBTime3_Tests" name="TestNTS_CustomTLSCertificateValidation" />
    </UnitTest>
    <UnitTest name="TryParse_RejectsShortBinaryCookie" storage="d:\coding\openchargingcloud\norndrone\libs\norn\norntests\bin\debug\net10.0\org.graphdefined.vanaheimr.norn.tests.dll" id="4a749583-deb2-7d4d-bd8e-65509534740a">
      <Execution id="b6513b96-db35-40c5-aa81-4dd28ac1cad9" />
      <TestMethod codeBase="D:\Coding\OpenChargingCloud\NornDrone\libs\Norn\NornTests\bin\Debug\net10.0\org.GraphDefined.Vanaheimr.Norn.Tests.dll" adapterTypeName="executor://nunit3testexecutor/" className="org.GraphDefined.Vanaheimr.Norn.Tests.NTS.NTSCookie_Tests" name="TryParse_RejectsShortBinaryCookie" />
    </UnitTest>
    <UnitTest name="TestNTS_CustomTLSCertificateValidation" storage="d:\coding\openchargingcloud\norndrone\libs\norn\norntests\bin\debug\net10.0\org.graphdefined.vanaheimr.norn.tests.dll" id="96b5265f-54e0-8f92-1682-26f32dcfc19f">
      <Execution id="1f1a3d77-dacb-4f54-aa0e-5d2992a7f37f" />
      <TestMethod codeBase="D:\Coding\OpenChargingCloud\NornDrone\libs\Norn\NornTests\bin\Debug\net10.0\org.GraphDefined.Vanaheimr.Norn.Tests.dll" adapterTypeName="executor://nunit3testexecutor/" className="org.GraphDefined.Vanaheimr.Norn.Tests.NTS.Cloudflare_Tests" name="TestNTS_CustomTLSCertificateValidation" />
    </UnitTest>
    <UnitTest name="TestNTS" storage="d:\coding\openchargingcloud\norndrone\libs\norn\norntests\bin\debug\net10.0\org.graphdefined.vanaheimr.norn.tests.dll" id="c9995362-3caa-d8cc-ab60-7bc54ca55ca1">
      <Execution id="c9cea511-dbab-45fc-b345-8921208489e1" />
      <TestMethod codeBase="D:\Coding\OpenChargingCloud\NornDrone\libs\Norn\NornTests\bin\Debug\net10.0\org.GraphDefined.Vanaheimr.Norn.Tests.dll" adapterTypeName="executor://nunit3testexecutor/" className="org.GraphDefined.Vanaheimr.Norn.Tests.NTS.OpenChargingCloud3_Tests" name="TestNTS" />
    </UnitTest>
    <UnitTest name="TestNTS_RequestSignedResponse" storage="d:\coding\openchargingcloud\norndrone\libs\norn\norntests\bin\debug\net10.0\org.graphdefined.vanaheimr.norn.tests.dll" id="b668f56b-eb2b-441f-c5d1-db0e9e15936e">
      <Execution id="fc079e17-0124-4868-9b11-37dc8ff766db" />
      <TestMethod codeBase="D:\Coding\OpenChargingCloud\NornDrone\libs\Norn\NornTests\bin\Debug\net10.0\org.GraphDefined.Vanaheimr.Norn.Tests.dll" adapterTypeName="executor://nunit3testexecutor/" className="org.GraphDefined.Vanaheimr.Norn.Tests.NTS.OpenChargingCloud3_Tests" name="TestNTS_RequestSignedResponse" />
    </UnitTest>
    <UnitTest name="TestServer1" storage="d:\coding\openchargingcloud\norndrone\libs\norn\norntests\bin\debug\net10.0\org.graphdefined.vanaheimr.norn.tests.dll" id="82626c86-856e-ef11-e370-1008f1e769c7">
      <Execution id="8ab7f0f0-c850-443f-97ed-2afe89f02858" />
      <TestMethod codeBase="D:\Coding\OpenChargingCloud\NornDrone\libs\Norn\NornTests\bin\Debug\net10.0\org.GraphDefined.Vanaheimr.Norn.Tests.dll" adapterTypeName="executor://nunit3testexecutor/" className="org.GraphDefined.Vanaheimr.Norn.Tests.NTS.NTSServer_Tests" name="TestServer1" />
    </UnitTest>
    <UnitTest name="TestNTS_CustomTLSCertificateValidation_Failed" storage="d:\coding\openchargingcloud\norndrone\libs\norn\norntests\bin\debug\net10.0\org.graphdefined.vanaheimr.norn.tests.dll" id="84be5f61-d4d6-1bf2-831b-05309f185f4c">
      <Execution id="d49a2618-397f-4e07-b1cf-4a0fa605a737" />
      <TestMethod codeBase="D:\Coding\OpenChargingCloud\NornDrone\libs\Norn\NornTests\bin\Debug\net10.0\org.GraphDefined.Vanaheimr.Norn.Tests.dll" adapterTypeName="executor://nunit3testexecutor/" className="org.GraphDefined.Vanaheimr.Norn.Tests.NTS.PTBTime3_Tests" name="TestNTS_CustomTLSCertificateValidation_Failed" />
    </UnitTest>
    <UnitTest name="TestNTSKE" storage="d:\coding\openchargingcloud\norndrone\libs\norn\norntests\bin\debug\net10.0\org.graphdefined.vanaheimr.norn.tests.dll" id="67e139a6-3f48-841a-b1f6-131d2792debc">
      <Execution id="e6a6202b-c330-422d-afe8-0573382e66ee" />
      <TestMethod codeBase="D:\Coding\OpenChargingCloud\NornDrone\libs\Norn\NornTests\bin\Debug\net10.0\org.GraphDefined.Vanaheimr.Norn.Tests.dll" adapterTypeName="executor://nunit3testexecutor/" className="org.GraphDefined.Vanaheimr.Norn.Tests.NTS.PTBTime2_Tests" name="TestNTSKE" />
    </UnitTest>
    <UnitTest name="Parses_NTPv4Server_And_NTPv4Port_Negotiation" storage="d:\coding\openchargingcloud\norndrone\libs\norn\norntests\bin\debug\net10.0\org.graphdefined.vanaheimr.norn.tests.dll" id="eef708b5-b13a-873a-cd3f-ecdc6f8f7db6">
      <Execution id="85e0b50c-c399-4b90-917a-672c73244f74" />
      <TestMethod codeBase="D:\Coding\OpenChargingCloud\NornDrone\libs\Norn\NornTests\bin\Debug\net10.0\org.GraphDefined.Vanaheimr.Norn.Tests.dll" adapterTypeName="executor://nunit3testexecutor/" className="org.GraphDefined.Vanaheimr.Norn.Tests.NTS.NTSKEResponse_Tests" name="Parses_NTPv4Server_And_NTPv4Port_Negotiation" />
    </UnitTest>
    <UnitTest name="TestNTS_RandomBitError" storage="d:\coding\openchargingcloud\norndrone\libs\norn\norntests\bin\debug\net10.0\org.graphdefined.vanaheimr.norn.tests.dll" id="fee74658-6542-9c8c-7a73-dfa076133650">
      <Execution id="78819c0c-f2f8-4919-9bca-e479a30fe85f" />
      <TestMethod codeBase="D:\Coding\OpenChargingCloud\NornDrone\libs\Norn\NornTests\bin\Debug\net10.0\org.GraphDefined.Vanaheimr.Norn.Tests.dll" adapterTypeName="executor://nunit3testexecutor/" className="org.GraphDefined.Vanaheimr.Norn.Tests.NTS.PTBTime2_Tests" name="TestNTS_RandomBitError" />
    </UnitTest>
    <UnitTest name="TestNTS_CustomTLSCertificateValidation_Failed" storage="d:\coding\openchargingcloud\norndrone\libs\norn\norntests\bin\debug\net10.0\org.graphdefined.vanaheimr.norn.tests.dll" id="2859b3a6-29eb-cee7-ed4a-efdcef2303ff">
      <Execution id="bfd6f13f-bdb2-4c83-a8de-4364095940c6" />
      <TestMethod codeBase="D:\Coding\OpenChargingCloud\NornDrone\libs\Norn\NornTests\bin\Debug\net10.0\org.GraphDefined.Vanaheimr.Norn.Tests.dll" adapterTypeName="executor://nunit3testexecutor/" className="org.GraphDefined.Vanaheimr.Norn.Tests.NTS.PTBTime4_Tests" name="TestNTS_CustomTLSCertificateValidation_Failed" />
    </UnitTest>
    <UnitTest name="TestNTS_CustomTLSCertificateValidation" storage="d:\coding\openchargingcloud\norndrone\libs\norn\norntests\bin\debug\net10.0\org.graphdefined.vanaheimr.norn.tests.dll" id="92de2230-eeb0-5de8-dc61-8805dbda3ace">
      <Execution id="ebcaa4ed-0f0c-41e4-b276-4f842f831f3e" />
      <TestMethod codeBase="D:\Coding\OpenChargingCloud\NornDrone\libs\Norn\NornTests\bin\Debug\net10.0\org.GraphDefined.Vanaheimr.Norn.Tests.dll" adapterTypeName="executor://nunit3testexecutor/" className="org.GraphDefined.Vanaheimr.Norn.Tests.NTS.OpenChargingCloud2_Tests" name="TestNTS_CustomTLSCertificateValidation" />
    </UnitTest>
    <UnitTest name="TestNTS_RandomBitError" storage="d:\coding\openchargingcloud\norndrone\libs\norn\norntests\bin\debug\net10.0\org.graphdefined.vanaheimr.norn.tests.dll" id="c84a1b90-0065-d2e6-79ab-ac44786462ec">
      <Execution id="bafa60d0-73f6-40fe-92a7-fec2bfb6766e" />
      <TestMethod codeBase="D:\Coding\OpenChargingCloud\NornDrone\libs\Norn\NornTests\bin\Debug\net10.0\org.GraphDefined.Vanaheimr.Norn.Tests.dll" adapterTypeName="executor://nunit3testexecutor/" className="org.GraphDefined.Vanaheimr.Norn.Tests.NTS.PTBTime4_Tests" name="TestNTS_RandomBitError" />
    </UnitTest>
    <UnitTest name="TestNTS_CustomTLSCertificateValidation_Failed" storage="d:\coding\openchargingcloud\norndrone\libs\norn\norntests\bin\debug\net10.0\org.graphdefined.vanaheimr.norn.tests.dll" id="94f0b039-113a-8c7c-402d-fdd86d95d31d">
      <Execution id="ff3e33b7-dbb8-4fa9-abd2-3ce2d7a03e13" />
      <TestMethod codeBase="D:\Coding\OpenChargingCloud\NornDrone\libs\Norn\NornTests\bin\Debug\net10.0\org.GraphDefined.Vanaheimr.Norn.Tests.dll" adapterTypeName="executor://nunit3testexecutor/" className="org.GraphDefined.Vanaheimr.Norn.Tests.NTS.PTBTime1_Tests" name="TestNTS_CustomTLSCertificateValidation_Failed" />
    </UnitTest>
    <UnitTest name="StopwatchRoundTripTime_IsNullWithoutStopwatchTimestamps" storage="d:\coding\openchargingcloud\norndrone\libs\norn\norntests\bin\debug\net10.0\org.graphdefined.vanaheimr.norn.tests.dll" id="8c0781a6-09de-0f36-d9a1-5f0dbdd74aa7">
      <Execution id="c71fc0c1-63ca-46dd-b198-ab6940045b29" />
      <TestMethod codeBase="D:\Coding\OpenChargingCloud\NornDrone\libs\Norn\NornTests\bin\Debug\net10.0\org.GraphDefined.Vanaheimr.Norn.Tests.dll" adapterTypeName="executor://nunit3testexecutor/" className="org.GraphDefined.Vanaheimr.Norn.Tests.NTP.NTPResponse_Tests" name="StopwatchRoundTripTime_IsNullWithoutStopwatchTimestamps" />
    </UnitTest>
    <UnitTest name="TestNTSKE" storage="d:\coding\openchargingcloud\norndrone\libs\norn\norntests\bin\debug\net10.0\org.graphdefined.vanaheimr.norn.tests.dll" id="dd29acd6-de22-ad4f-ca19-9398e50c9e1a">
      <Execution id="f923e4da-d75b-4531-8bb4-225b9e988164" />
      <TestMethod codeBase="D:\Coding\OpenChargingCloud\NornDrone\libs\Norn\NornTests\bin\Debug\net10.0\org.GraphDefined.Vanaheimr.Norn.Tests.dll" adapterTypeName="executor://nunit3testexecutor/" className="org.GraphDefined.Vanaheimr.Norn.Tests.NTS.OpenChargingCloud3_Tests" name="TestNTSKE" />
    </UnitTest>
    <UnitTest name="TestNTSKE" storage="d:\coding\openchargingcloud\norndrone\libs\norn\norntests\bin\debug\net10.0\org.graphdefined.vanaheimr.norn.tests.dll" id="419cb690-9ef1-b044-aa97-301c6e56e5f2">
      <Execution id="2e77bde7-aa50-41c2-b8ab-747522823fe8" />
      <TestMethod codeBase="D:\Coding\OpenChargingCloud\NornDrone\libs\Norn\NornTests\bin\Debug\net10.0\org.GraphDefined.Vanaheimr.Norn.Tests.dll" adapterTypeName="executor://nunit3testexecutor/" className="org.GraphDefined.Vanaheimr.Norn.Tests.NTS.PTBTime4_Tests" name="TestNTSKE" />
    </UnitTest>
    <UnitTest name="TestNTP" storage="d:\coding\openchargingcloud\norndrone\libs\norn\norntests\bin\debug\net10.0\org.graphdefined.vanaheimr.norn.tests.dll" id="9dc157d9-7752-b651-4932-87f4d6d4c542">
      <Execution id="adb7423f-b106-4439-b425-e54acfd7d19d" />
      <TestMethod codeBase="D:\Coding\OpenChargingCloud\NornDrone\libs\Norn\NornTests\bin\Debug\net10.0\org.GraphDefined.Vanaheimr.Norn.Tests.dll" adapterTypeName="executor://nunit3testexecutor/" className="org.GraphDefined.Vanaheimr.Norn.Tests.NTS.OpenChargingCloud1_Tests" name="TestNTP" />
    </UnitTest>
    <UnitTest name="TestNTS_CustomTLSCertificateValidation_Failed" storage="d:\coding\openchargingcloud\norndrone\libs\norn\norntests\bin\debug\net10.0\org.graphdefined.vanaheimr.norn.tests.dll" id="367653fc-beb5-e461-cd49-1736e835f646">
      <Execution id="6e34f43d-523f-4548-8e51-09b6d8b3edd5" />
      <TestMethod codeBase="D:\Coding\OpenChargingCloud\NornDrone\libs\Norn\NornTests\bin\Debug\net10.0\org.GraphDefined.Vanaheimr.Norn.Tests.dll" adapterTypeName="executor://nunit3testexecutor/" className="org.GraphDefined.Vanaheimr.Norn.Tests.NTS.PTBTime2_Tests" name="TestNTS_CustomTLSCertificateValidation_Failed" />
    </UnitTest>
    <UnitTest name="TestNTS_CustomTLSCertificateValidation" storage="d:\coding\openchargingcloud\norndrone\libs\norn\norntests\bin\debug\net10.0\org.graphdefined.vanaheimr.norn.tests.dll" id="d6a8e10e-daa4-b934-664c-ec05742de776">
      <Execution id="7fe1a696-535d-441c-b39f-3ea79c771546" />
      <TestMethod codeBase="D:\Coding\OpenChargingCloud\NornDrone\libs\Norn\NornTests\bin\Debug\net10.0\org.GraphDefined.Vanaheimr.Norn.Tests.dll" adapterTypeName="executor://nunit3testexecutor/" className="org.GraphDefined.Vanaheimr.Norn.Tests.NTS.OpenChargingCloud3_Tests" name="TestNTS_CustomTLSCertificateValidation" />
    </UnitTest>
    <UnitTest name="Zero_NTPv4Port_Negotiation_Is_Treated_As_Unset" storage="d:\coding\openchargingcloud\norndrone\libs\norn\norntests\bin\debug\net10.0\org.graphdefined.vanaheimr.norn.tests.dll" id="d8297e5b-36c3-7654-65ee-95c5d75b2481">
      <Execution id="b79cc2bb-120b-4da8-98e1-7225a4a598cd" />
      <TestMethod codeBase="D:\Coding\OpenChargingCloud\NornDrone\libs\Norn\NornTests\bin\Debug\net10.0\org.GraphDefined.Vanaheimr.Norn.Tests.dll" adapterTypeName="executor://nunit3testexecutor/" className="org.GraphDefined.Vanaheimr.Norn.Tests.NTS.NTSKEResponse_Tests" name="Zero_NTPv4Port_Negotiation_Is_Treated_As_Unset" />
    </UnitTest>
    <UnitTest name="TestNTS" storage="d:\coding\openchargingcloud\norndrone\libs\norn\norntests\bin\debug\net10.0\org.graphdefined.vanaheimr.norn.tests.dll" id="c8fe9521-25fc-f221-793a-96d0830afa0b">
      <Execution id="b97aa180-f095-4f5b-a3ba-5bb451fbf8ca" />
      <TestMethod codeBase="D:\Coding\OpenChargingCloud\NornDrone\libs\Norn\NornTests\bin\Debug\net10.0\org.GraphDefined.Vanaheimr.Norn.Tests.dll" adapterTypeName="executor://nunit3testexecutor/" className="org.GraphDefined.Vanaheimr.Norn.Tests.NTS.PTBTime3_Tests" name="TestNTS" />
    </UnitTest>
    <UnitTest name="TryParse_SetsDestinationTimestamp" storage="d:\coding\openchargingcloud\norndrone\libs\norn\norntests\bin\debug\net10.0\org.graphdefined.vanaheimr.norn.tests.dll" id="6c698f0f-2dff-cc18-6476-cf4f0edb5d9b">
      <Execution id="e7b95790-2119-4504-852d-e02bf23e560f" />
      <TestMethod codeBase="D:\Coding\OpenChargingCloud\NornDrone\libs\Norn\NornTests\bin\Debug\net10.0\org.GraphDefined.Vanaheimr.Norn.Tests.dll" adapterTypeName="executor://nunit3testexecutor/" className="org.GraphDefined.Vanaheimr.Norn.Tests.NTP.NTPResponse_Tests" name="TryParse_SetsDestinationTimestamp" />
    </UnitTest>
    <UnitTest name="NTSKE_ToJSON_Includes_Network_And_TLS_Diagnostics" storage="d:\coding\openchargingcloud\norndrone\libs\norn\norntests\bin\debug\net10.0\org.graphdefined.vanaheimr.norn.tests.dll" id="c555ce90-8b57-adb5-2452-233711e15081">
      <Execution id="6470b885-a4f5-4319-a0d2-b50a5ba7daad" />
[...]
    </UnitTest>
    <UnitTest name="TestNTS_CustomTLSCertificateValidation" storage="d:\coding\openchargingcloud\norndrone\libs\norn\norntests\bin\debug\net10.0\org.graphdefined.vanaheimr.norn.tests.dll" id="a28b7a73-0462-4079-d3fb-bc5a95f475cf">
      <Execution id="75f70b98-f5b7-4250-ae4c-ac58571e8f7e" />
      <TestMethod codeBase="D:\Coding\OpenChargingCloud\NornDrone\libs\Norn\NornTests\bin\Debug\net10.0\org.GraphDefined.Vanaheimr.Norn.Tests.dll" adapterTypeName="executor://nunit3testexecutor/" className="org.GraphDefined.Vanaheimr.Norn.Tests.NTS.PTBTime2_Tests" name="TestNTS_CustomTLSCertificateValidation" />
    </UnitTest>
    <UnitTest name="ClockOffsetAndRoundTripDelay_AreCalculatedFromRfc5905Timestamps" storage="d:\coding\openchargingcloud\norndrone\libs\norn\norntests\bin\debug\net10.0\org.graphdefined.vanaheimr.norn.tests.dll" id="236ddde4-6ee5-0ee9-2d09-083be305e297">
      <Execution id="306cb7f0-2712-4b54-8b7d-2dc22f94639e" />
      <TestMethod codeBase="D:\Coding\OpenChargingCloud\NornDrone\libs\Norn\NornTests\bin\Debug\net10.0\org.GraphDefined.Vanaheimr.Norn.Tests.dll" adapterTypeName="executor://nunit3testexecutor/" className="org.GraphDefined.Vanaheimr.Norn.Tests.NTP.NTPResponse_Tests" name="ClockOffsetAndRoundTripDelay_AreCalculatedFromRfc5905Timestamps" />
    </UnitTest>
    <UnitTest name="TestNTS_RequestSignedResponse" storage="d:\coding\openchargingcloud\norndrone\libs\norn\norntests\bin\debug\net10.0\org.graphdefined.vanaheimr.norn.tests.dll" id="e9bc3a76-3495-e1fc-e52f-2eb19b42cba3">
      <Execution id="669e3ff4-7fa2-457a-819e-833396a0dc01" />
      <TestMethod codeBase="D:\Coding\OpenChargingCloud\NornDrone\libs\Norn\NornTests\bin\Debug\net10.0\org.GraphDefined.Vanaheimr.Norn.Tests.dll" adapterTypeName="executor://nunit3testexecutor/" className="org.GraphDefined.Vanaheimr.Norn.Tests.NTS.OpenChargingCloud1_Tests" name="TestNTS_RequestSignedResponse" />
    </UnitTest>
    <UnitTest name="TestNTS_RequestSignedResponse" storage="d:\coding\openchargingcloud\norndrone\libs\norn\norntests\bin\debug\net10.0\org.graphdefined.vanaheimr.norn.tests.dll" id="9a5afe06-7c3f-49b7-1f97-8f327a1ba284">
      <Execution id="338510bb-71be-42c4-94ed-09920aaaf525" />
      <TestMethod codeBase="D:\Coding\OpenChargingCloud\NornDrone\libs\Norn\NornTests\bin\Debug\net10.0\org.GraphDefined.Vanaheimr.Norn.Tests.dll" adapterTypeName="executor://nunit3testexecutor/" className="org.GraphDefined.Vanaheimr.Norn.Tests.NTS.PTBTime4_Tests" name="TestNTS_RequestSignedResponse" />
    </UnitTest>
  </TestDefinitions>
  <TestEntries>
    <TestEntry testId="fe622516-0a4b-ee57-68c2-96ea3e9de68b" executionId="00ac7747-4cb5-4136-bbc2-d6a714d74e33" testListId="8c84fa94-04c1-424b-9868-57a2d4851a1d" />
    <TestEntry testId="f823bb12-a052-d69e-c605-4a6dac33ee8d" executionId="7f7b8858-ed53-4266-9a34-169fefd822cc" testListId="8c84fa94-04c1-424b-9868-57a2d4851a1d" />
    <TestEntry testId="8c0781a6-09de-0f36-d9a1-5f0dbdd74aa7" executionId="c71fc0c1-63ca-46dd-b198-ab6940045b29" testListId="8c84fa94-04c1-424b-9868-57a2d4851a1d" />
    <TestEntry testId="dd29acd6-de22-ad4f-ca19-9398e50c9e1a" executionId="f923e4da-d75b-4531-8bb4-225b9e988164" testListId="8c84fa94-04c1-424b-9868-57a2d4851a1d" />
    <TestEntry testId="fd99eb6a-faeb-da03-343d-6770e7d96440" executionId="563c2fb4-9bb3-4554-bf0d-996e2136a479" testListId="8c84fa94-04c1-424b-9868-57a2d4851a1d" />
    <TestEntry testId="9c12d2af-2f7b-1c5a-09df-f9b3b9831482" executionId="a6149644-14d6-445b-94ad-91b16455a551" testListId="8c84fa94-04c1-424b-9868-57a2d4851a1d" />
    <TestEntry testId="73e298e7-3ec3-9496-2bde-b4f358bf43d9" executionId="c4fdd184-f013-448d-a7c6-2a8af0aaa3f9" testListId="8c84fa94-04c1-424b-9868-57a2d4851a1d" />
    <TestEntry testId="39937997-200f-ad3c-f2ae-818e45100449" executionId="d124987f-3a9f-4473-9643-168228c019c2" testListId="8c84fa94-04c1-424b-9868-57a2d4851a1d" />
    <TestEntry testId="9dba4253-5931-f817-5a1d-d46f56c97cc2" executionId="5d721fe7-849a-4188-a0b4-71dfc154e266" testListId="8c84fa94-04c1-424b-9868-57a2d4851a1d" />
    <TestEntry testId="4be6d73e-e0a0-14b0-739f-a4f5369f332b" executionId="e0173aec-a3cb-4cd4-b8b2-3d88cb88ee77" testListId="8c84fa94-04c1-424b-9868-57a2d4851a1d" />
    <TestEntry testId="ca7fd087-84c9-492a-e1cc-9093eb9f8468" executionId="04660028-0067-4bb1-8599-69f5e6cd0bbe" testListId="8c84fa94-04c1-424b-9868-57a2d4851a1d" />
    <TestEntry testId="b668f56b-eb2b-441f-c5d1-db0e9e15936e" executionId="fc079e17-0124-4868-9b11-37dc8ff766db" testListId="8c84fa94-04c1-424b-9868-57a2d4851a1d" />
    <TestEntry testId="6ca60487-44a9-f35c-5705-0d868527523d" executionId="a61ef6d2-e583-4df5-a7d7-5376cd6800dc" testListId="8c84fa94-04c1-424b-9868-57a2d4851a1d" />
    <TestEntry testId="2859b3a6-29eb-cee7-ed4a-efdcef2303ff" executionId="bfd6f13f-bdb2-4c83-a8de-4364095940c6" testListId="8c84fa94-04c1-424b-9868-57a2d4851a1d" />
    <TestEntry testId="94103bf3-a76d-5707-6d74-fbac397614a8" executionId="fe231b57-b73e-47d0-b9e8-1c5ddaf91c7a" testListId="8c84fa94-04c1-424b-9868-57a2d4851a1d" />
    <TestEntry testId="fee74658-6542-9c8c-7a73-dfa076133650" executionId="78819c0c-f2f8-4919-9bca-e479a30fe85f" testListId="8c84fa94-04c1-424b-9868-57a2d4851a1d" />
    <TestEntry testId="7cefeefb-754b-d9aa-bc10-01cda67c8694" executionId="a1d40149-947e-4055-b20d-5432d5782da5" testListId="8c84fa94-04c1-424b-9868-57a2d4851a1d" />
    <TestEntry testId="d8297e5b-36c3-7654-65ee-95c5d75b2481" executionId="b79cc2bb-120b-4da8-98e1-7225a4a598cd" testListId="8c84fa94-04c1-424b-9868-57a2d4851a1d" />
    <TestEntry testId="95cb0417-ddb5-ca26-238f-62e5fcb57a8c" executionId="11ac6355-1997-4d5b-b249-f185a58e11a7" testListId="8c84fa94-04c1-424b-9868-57a2d4851a1d" />
    <TestEntry testId="eef708b5-b13a-873a-cd3f-ecdc6f8f7db6" executionId="85e0b50c-c399-4b90-917a-672c73244f74" testListId="8c84fa94-04c1-424b-9868-57a2d4851a1d" />
    <TestEntry testId="00eff98d-9c68-64f9-714b-c50c5007bcba" executionId="a88188ca-f767-4377-a9de-902a547a61ad" testListId="8c84fa94-04c1-424b-9868-57a2d4851a1d" />
    <TestEntry testId="92de2230-eeb0-5de8-dc61-8805dbda3ace" executionId="ebcaa4ed-0f0c-41e4-b276-4f842f831f3e" testListId="8c84fa94-04c1-424b-9868-57a2d4851a1d" />
    <TestEntry testId="44aeff81-2dff-6886-9494-1923f9109668" executionId="ed19d074-c6d8-4fcc-a75c-9a1f77b4c9f8" testListId="8c84fa94-04c1-424b-9868-57a2d4851a1d" />
    <TestEntry testId="2a0e8b92-2873-2c15-73d3-96130886a230" executionId="7c9cd509-69c0-4539-a50f-4b1b2e5751ee" testListId="8c84fa94-04c1-424b-9868-57a2d4851a1d" />
    <TestEntry testId="44aac496-6fe9-6339-3cd7-8cca64310862" executionId="f5678e73-e47f-42ed-8d9c-87840126db57" testListId="8c84fa94-04c1-424b-9868-57a2d4851a1d" />
    <TestEntry testId="ae1cdbad-5531-49bd-6883-93a8b088b5ee" executionId="b1dfc90d-c28f-41a4-bff0-3d9bcf2af082" testListId="8c84fa94-04c1-424b-9868-57a2d4851a1d" />
    <TestEntry testId="387acde4-a7bc-8867-4c75-073ec5f3f356" executionId="94908154-70d9-4c4c-9f92-4cc8aea34414" testListId="8c84fa94-04c1-424b-9868-57a2d4851a1d" />
    <TestEntry testId="d6a8e10e-daa4-b934-664c-ec05742de776" executionId="7fe1a696-535d-441c-b39f-3ea79c771546" testListId="8c84fa94-04c1-424b-9868-57a2d4851a1d" />
    <TestEntry testId="b53f37ef-071d-4972-d9b1-23bb3e041a29" executionId="01c8fd10-36c1-4fc0-8f08-5c68a7e81ef6" testListId="8c84fa94-04c1-424b-9868-57a2d4851a1d" />
    <TestEntry testId="bdf89cbe-9822-d44d-0002-908be548d5c5" executionId="c282a988-81e5-4ba2-8852-5a698075dc65" testListId="8c84fa94-04c1-424b-9868-57a2d4851a1d" />
    <TestEntry testId="a28b7a73-0462-4079-d3fb-bc5a95f475cf" executionId="75f70b98-f5b7-4250-ae4c-ac58571e8f7e" testListId="8c84fa94-04c1-424b-9868-57a2d4851a1d" />
    <TestEntry testId="87f2afb4-cde8-1232-1b44-5f21e7e94cb3" executionId="040ac5ba-0d67-41a6-b97d-3481d10ccbe5" testListId="8c84fa94-04c1-424b-9868-57a2d4851a1d" />
    <TestEntry testId="84be5f61-d4d6-1bf2-831b-05309f185f4c" executionId="d49a2618-397f-4e07-b1cf-4a0fa605a737" testListId="8c84fa94-04c1-424b-9868-57a2d4851a1d" />
    <TestEntry testId="c8b1e695-db6d-361f-a895-b670c0e5abfb" executionId="474c55a6-08b1-456b-bf3f-8871269dda19" testListId="8c84fa94-04c1-424b-9868-57a2d4851a1d" />
    <TestEntry testId="6acb6433-f7f2-0594-717c-aca046705d17" executionId="8421981a-5fdf-4f3c-9272-71814bfade63" testListId="8c84fa94-04c1-424b-9868-57a2d4851a1d" />
    <TestEntry testId="2517c0c3-105f-ed7b-d2f4-53e9dadf1f07" executionId="dc8f27c2-6436-4d18-9801-3528fb87f5f6" testListId="8c84fa94-04c1-424b-9868-57a2d4851a1d" />
    <TestEntry testId="39e7fe19-8b21-e468-58e3-b4ec141d8017" executionId="447af5e9-8779-4b61-ba98-f2bfbd5f88f7" testListId="8c84fa94-04c1-424b-9868-57a2d4851a1d" />
    <TestEntry testId="de59774d-e102-063f-d7be-05ffa28f725c" executionId="b41882a8-a7b0-40ee-84d6-0a0c7323a597" testListId="8c84fa94-04c1-424b-9868-57a2d4851a1d" />
    <TestEntry testId="6c698f0f-2dff-cc18-6476-cf4f0edb5d9b" executionId="e7b95790-2119-4504-852d-e02bf23e560f" testListId="8c84fa94-04c1-424b-9868-57a2d4851a1d" />
    <TestEntry testId="e45b1b2f-b3aa-983e-5144-0600eac9327e" executionId="dd9e2fa3-f104-48a1-a4e3-594225b746d9" testListId="8c84fa94-04c1-424b-9868-57a2d4851a1d" />
    <TestEntry testId="39da7e40-23b3-80d9-0bd9-155ac1cfd88a" executionId="318d9949-6903-42ca-ab22-a273fc84983c" testListId="8c84fa94-04c1-424b-9868-57a2d4851a1d" />
    <TestEntry testId="367653fc-beb5-e461-cd49-1736e835f646" executionId="6e34f43d-523f-4548-8e51-09b6d8b3edd5" testListId="8c84fa94-04c1-424b-9868-57a2d4851a1d" />
    <TestEntry testId="084642a6-4b9a-96b9-4626-474069fb24b4" executionId="8f4910b0-e72a-4f32-a3f0-859cfafe00e8" testListId="8c84fa94-04c1-424b-9868-57a2d4851a1d" />
    <TestEntry testId="c8e08855-be33-bfee-ad18-8ff34c7598b8" executionId="c3264f82-4a51-4c25-bf6c-31ddab872026" testListId="8c84fa94-04c1-424b-9868-57a2d4851a1d" />
    <TestEntry testId="b6e12596-8c70-9171-ccde-8c4319eb9f56" executionId="dac9f6a1-ab46-42a9-9b77-222086ecf9ab" testListId="8c84fa94-04c1-424b-9868-57a2d4851a1d" />
    <TestEntry testId="0f85206b-ee76-0257-ee95-89b684a45ad0" executionId="035d541e-5918-4d76-9177-55a737e47860" testListId="8c84fa94-04c1-424b-9868-57a2d4851a1d" />
    <TestEntry testId="ae26b52a-6a30-dca8-3f3e-d3a2eda7f2b3" executionId="4a285c46-9efc-4d44-852d-c8125b0b3271" testListId="8c84fa94-04c1-424b-9868-57a2d4851a1d" />
    <TestEntry testId="236ddde4-6ee5-0ee9-2d09-083be305e297" executionId="306cb7f0-2712-4b54-8b7d-2dc22f94639e" testListId="8c84fa94-04c1-424b-9868-57a2d4851a1d" />
    <TestEntry testId="e297d4ab-0ec3-7bcc-574c-054544c17384" executionId="b9514b7c-90f9-4d12-90e2-ee6b17cb34f0" testListId="8c84fa94-04c1-424b-9868-57a2d4851a1d" />
    <TestEntry testId="68eaaaa7-7ba5-bc3c-f34b-b21ee4ee37f9" executionId="0d76bd9a-0b07-4277-a22c-944988f85503" testListId="8c84fa94-04c1-424b-9868-57a2d4851a1d" />
    <TestEntry testId="cce50852-c18d-8468-e183-22aded89ff78" executionId="bdf8c8e8-cc8c-49ee-b3d5-81c8f09b75d7" testListId="8c84fa94-04c1-424b-9868-57a2d4851a1d" />
    <TestEntry testId="8e78b241-2d70-2b89-4e8c-5e05a45dac7e" executionId="642e60f3-c52e-4edc-8d0e-9f951509d717" testListId="8c84fa94-04c1-424b-9868-57a2d4851a1d" />
    <TestEntry testId="010b9f64-0677-fee4-27b8-bc8c1e3e1aaa" executionId="3f9e06c8-7edd-4a3d-957f-b0b60c062c76" testListId="8c84fa94-04c1-424b-9868-57a2d4851a1d" />
    <TestEntry testId="94f0b039-113a-8c7c-402d-fdd86d95d31d" executionId="ff3e33b7-dbb8-4fa9-abd2-3ce2d7a03e13" testListId="8c84fa94-04c1-424b-9868-57a2d4851a1d" />
    <TestEntry testId="96b5265f-54e0-8f92-1682-26f32dcfc19f" executionId="1f1a3d77-dacb-4f54-aa0e-5d2992a7f37f" testListId="8c84fa94-04c1-424b-9868-57a2d4851a1d" />
    <TestEntry testId="82626c86-856e-ef11-e370-1008f1e769c7" executionId="8ab7f0f0-c850-443f-97ed-2afe89f02858" testListId="8c84fa94-04c1-424b-9868-57a2d4851a1d" />
    <TestEntry testId="73d23ee4-aac2-7a49-3545-f55d37315b15" executionId="4df2a70d-8dd5-4a81-83eb-7066599b8d64" testListId="8c84fa94-04c1-424b-9868-57a2d4851a1d" />
    <TestEntry testId="695b28fb-d38d-cb8a-d22d-8b627866d361" executionId="c4562f0d-7b14-415f-bbb4-7140d7345dbe" testListId="8c84fa94-04c1-424b-9868-57a2d4851a1d" />
    <TestEntry testId="36192fdd-f5e4-887b-cc12-5257611170f4" executionId="57a19266-705a-42b6-85cf-a35c54635fcd" testListId="8c84fa94-04c1-424b-9868-57a2d4851a1d" />
    <TestEntry testId="fcdc2732-a2b5-d0e5-c27a-43235213023f" executionId="c15f5245-bbb3-48e0-b844-a5893406d625" testListId="8c84fa94-04c1-424b-9868-57a2d4851a1d" />
    <TestEntry testId="a40aad6c-f61d-970e-50ee-e070cd2bbdf0" executionId="9826e1e4-7f55-44cf-9c8c-e908fad58762" testListId="8c84fa94-04c1-424b-9868-57a2d4851a1d" />
    <TestEntry testId="b316d31a-f772-3966-9c54-37b5ecc5ddab" executionId="bda8c91c-a2dc-4e32-b4c4-7f9d04fe5773" testListId="8c84fa94-04c1-424b-9868-57a2d4851a1d" />
    <TestEntry testId="c555ce90-8b57-adb5-2452-233711e15081" executionId="6470b885-a4f5-4319-a0d2-b50a5ba7daad" testListId="8c84fa94-04c1-424b-9868-57a2d4851a1d" />
    <TestEntry testId="5e4eaa49-4a9f-ce3b-3065-2cc30f202513" executionId="c84961b0-1407-4271-ad50-4264d8fa19eb" testListId="8c84fa94-04c1-424b-9868-57a2d4851a1d" />
    <TestEntry testId="25c03d8c-f901-b7ff-98eb-c19e398ab07a" executionId="45fe7c8c-3900-4ce7-b12b-6c1e1dc57b23" testListId="8c84fa94-04c1-424b-9868-57a2d4851a1d" />
    <TestEntry testId="19b66662-4494-44d4-3c5a-c8d67767a474" executionId="93dffa97-877e-4973-91c6-2f78939cc455" testListId="8c84fa94-04c1-424b-9868-57a2d4851a1d" />
    <TestEntry testId="ea265960-04fb-c6c3-997a-8e27173247a6" executionId="09416ac2-d0d1-4a0d-8ca8-3a96c26f9961" testListId="8c84fa94-04c1-424b-9868-57a2d4851a1d" />
    <TestEntry testId="212cd43b-0080-2e0f-9e29-2d0bf1b79eae" executionId="b693e484-966f-41cf-bf62-d2bca7b1066c" testListId="8c84fa94-04c1-424b-9868-57a2d4851a1d" />
    <TestEntry testId="c9995362-3caa-d8cc-ab60-7bc54ca55ca1" executionId="c9cea511-dbab-45fc-b345-8921208489e1" testListId="8c84fa94-04c1-424b-9868-57a2d4851a1d" />
    <TestEntry testId="e38167e4-2fd4-f794-3ece-66e969339897" executionId="092aa47d-76d8-4e2f-b3b3-6eafb38c099e" testListId="8c84fa94-04c1-424b-9868-57a2d4851a1d" />
    <TestEntry testId="e9bc3a76-3495-e1fc-e52f-2eb19b42cba3" executionId="669e3ff4-7fa2-457a-819e-833396a0dc01" testListId="8c84fa94-04c1-424b-9868-57a2d4851a1d" />
    <TestEntry testId="67e139a6-3f48-841a-b1f6-131d2792debc" executionId="e6a6202b-c330-422d-afe8-0573382e66ee" testListId="8c84fa94-04c1-424b-9868-57a2d4851a1d" />
    <TestEntry testId="6b1a8b77-3839-670e-dd81-2768ac3ec977" executionId="454ae610-6112-4b67-ac6d-e716441a0926" testListId="8c84fa94-04c1-424b-9868-57a2d4851a1d" />
    <TestEntry testId="503622d0-7624-cc4e-8673-71e4239fc02e" executionId="3680968b-9d11-42ad-84ec-6aa4cabae48e" testListId="8c84fa94-04c1-424b-9868-57a2d4851a1d" />
    <TestEntry testId="d25c7386-7c8e-a085-495a-03151aec6404" executionId="adfc5c8b-60b7-4072-969e-291c12e6f144" testListId="8c84fa94-04c1-424b-9868-57a2d4851a1d" />
    <TestEntry testId="c8e1eb8c-ec12-cda1-75f4-48640824864a" executionId="bd6d1b0d-78b0-43f8-a739-3ceceed77580" testListId="8c84fa94-04c1-424b-9868-57a2d4851a1d" />
    <TestEntry testId="419cb690-9ef1-b044-aa97-301c6e56e5f2" executionId="2e77bde7-aa50-41c2-b8ab-747522823fe8" testListId="8c84fa94-04c1-424b-9868-57a2d4851a1d" />
    <TestEntry testId="ae838d4f-07ee-cac2-72af-7f3936c596dd" executionId="f6ebad35-704b-4fbb-bc3f-8a94d4bafccc" testListId="8c84fa94-04c1-424b-9868-57a2d4851a1d" />
    <TestEntry testId="35da860d-de29-ecbb-1f49-e83500e46f2f" executionId="cca30126-8a2f-4d76-ae95-be510fb9fdf3" testListId="8c84fa94-04c1-424b-9868-57a2d4851a1d" />
    <TestEntry testId="8b8590d3-f539-ef2f-6fcc-02f34b29e29d" executionId="9bedcdbf-b981-403e-afb8-ee25ba32f130" testListId="8c84fa94-04c1-424b-9868-57a2d4851a1d" />
    <TestEntry testId="d8a32e0a-3e80-ad15-6d08-8d8e7c85ced9" executionId="3583f105-ee75-426a-a4e4-91b96b2ebca8" testListId="8c84fa94-04c1-424b-9868-57a2d4851a1d" />
    <TestEntry testId="9dc157d9-7752-b651-4932-87f4d6d4c542" executionId="adb7423f-b106-4439-b425-e54acfd7d19d" testListId="8c84fa94-04c1-424b-9868-57a2d4851a1d" />
    <TestEntry testId="93b583e4-6659-825c-4281-b15d0f6e09a0" executionId="d0ce35ac-fc63-4672-8072-7664ebf27741" testListId="8c84fa94-04c1-424b-9868-57a2d4851a1d" />
    <TestEntry testId="c84a1b90-0065-d2e6-79ab-ac44786462ec" executionId="bafa60d0-73f6-40fe-92a7-fec2bfb6766e" testListId="8c84fa94-04c1-424b-9868-57a2d4851a1d" />
    <TestEntry testId="4a749583-deb2-7d4d-bd8e-65509534740a" executionId="b6513b96-db35-40c5-aa81-4dd28ac1cad9" testListId="8c84fa94-04c1-424b-9868-57a2d4851a1d" />
    <TestEntry testId="d5e8c662-490b-9eda-31c8-65b0ba0479bf" executionId="6a4af4dd-7048-41f6-b3cd-774c3635334a" testListId="8c84fa94-04c1-424b-9868-57a2d4851a1d" />
    <TestEntry testId="9a5afe06-7c3f-49b7-1f97-8f327a1ba284" executionId="338510bb-71be-42c4-94ed-09920aaaf525" testListId="8c84fa94-04c1-424b-9868-57a2d4851a1d" />
    <TestEntry testId="c8fe9521-25fc-f221-793a-96d0830afa0b" executionId="b97aa180-f095-4f5b-a3ba-5bb451fbf8ca" testListId="8c84fa94-04c1-424b-9868-57a2d4851a1d" />
    <TestEntry testId="ae5ebdfb-a58e-c8de-4a94-dd8c08f05d09" executionId="f586bcb0-ab11-4926-a4a8-f61239203f53" testListId="8c84fa94-04c1-424b-9868-57a2d4851a1d" />
  </TestEntries>
  <TestLists>
    <TestList name="Ergebnisse nicht in einer Liste" id="8c84fa94-04c1-424b-9868-57a2d4851a1d" />
    <TestList name="Alle geladenen Ergebnisse" id="19431567-8539-422a-85d7-44ee4e166bda" />
  </TestLists>
  <ResultSummary outcome="Failed">
    <Counters total="89" executed="89" passed="82" failed="7" error="0" timeout="0" aborted="0" inconclusive="0" passedButRunAborted="0" notRunnable="0" notExecuted="0" disconnected="0" warning="0" completed="0" inProgress="0" pending="0" />
    <Output>
      <StdOut>NUnit Adapter 1.0.0.0: Test execution started&#xD;
Running all tests in D:\Coding\OpenChargingCloud\NornDrone\libs\Norn\NornTests\bin\Debug\net10.0\org.GraphDefined.Vanaheimr.Norn.Tests.dll&#xD;
   NUnit3TestExecutor discovered 89 of 89 NUnit test cases using Current Discovery mode, Non-Explicit run&#xD;
</StdOut>
    </Output>
    <RunInfos>
      <RunInfo computerName="OCTAL" outcome="Error" timestamp="2026-05-13T19:00:08.5256510+02:00">
        <Text>Setup failed for test fixture org.GraphDefined.Vanaheimr.Norn.Tests.NTS.NTSServer_Tests</Text>
      </RunInfo>
      <RunInfo computerName="OCTAL" outcome="Error" timestamp="2026-05-13T19:00:08.5259431+02:00">
        <Text>SetUp : System.Net.Sockets.SocketException : Normalerweise darf jede Socketadresse (Protokoll, Netzwerkadresse oder Anschluss) nur jeweils einmal verwendet werden.
StackTrace: --SetUp&#xD;
   at System.Net.Sockets.Socket.UpdateStatusAfterSocketErrorAndThrowException(SocketError error, Boolean disconnectOnFailure, String callerName)&#xD;
   at System.Net.Sockets.Socket.DoBind(EndPoint endPointSnapshot, SocketAddress socketAddress)&#xD;
   at System.Net.Sockets.Socket.Bind(EndPoint localEP)&#xD;
   at org.GraphDefined.Vanaheimr.Norn.NTS.NTSServer.Start(CancellationToken CancellationToken) in D:\Coding\OpenChargingCloud\NornDrone\libs\Norn\Norn\NTSServer\NTSServer.cs:line 333&#xD;
   at org.GraphDefined.Vanaheimr.Norn.Tests.NTS.NTSServer_Tests.StartNTSServer() in D:\Coding\OpenChargingCloud\NornDrone\libs\Norn\NornTests\NTS\NTSServer_Tests.cs:line 79&#xD;
   at NUnit.Framework.Internal.TaskAwaitAdapter.GenericAdapter`1.GetResult()&#xD;
   at NUnit.Framework.Internal.AsyncToSyncAdapter.Await[TResult](TestExecutionContext context, Func`1 invoke)&#xD;
   at NUnit.Framework.Internal.AsyncToSyncAdapter.Await(TestExecutionContext context, Func`1 invoke)&#xD;
   at NUnit.Framework.Internal.Commands.SetUpTearDownItem.RunSetUpOrTearDownMethod(TestExecutionContext context, IMethodInfo method)&#xD;
   at NUnit.Framework.Internal.Commands.SetUpTearDownItem.RunSetUp(TestExecutionContext context)</Text>
      </RunInfo>
    </RunInfos>
  </ResultSummary>
</TestRun>